20:04:37| Starting to retrieve data from the server
20:05:04| ----------------------------------------
20:05:04| Title   : Revenge of the Sith
20:05:04| Director: George Lucas
20:05:04| Producer: Rick McCallum
20:05:04| Released: 2005-05-19
20:05:04| 
20:05:04| Characters: 34
20:05:04| Adi Gallia, Anakin Skywalker, Ayla Secura, Bail Prestor Organa, Beru Whitesun lars, C-3PO, Chewbacca, Darth Vader, Dooku, Eeth Koth, Grievous, Ki-Adi-Mundi, Kit Fisto, Leia Organa, Luke Skywalker, Luminara Unduli, Mace Windu, Nute Gunray, Obi-Wan Kenobi, Owen Lars, Padmé Amidala, Palpatine, Plo Koon, Poggle the Lesser, R2-D2, R4-P17, Raymus Antilles, Saesee Tiin, Shaak Ti, Sly Moore, Tarfful, Tion Medon, Wilhuff Tarkin, Yoda
20:05:04| 
20:05:04| Planets: 13
20:05:04| Alderaan, Cato Neimoidia, Coruscant, Dagobah, Felucia, Kashyyyk, Mustafar, Mygeeto, Naboo, Polis Massa, Saleucami, Tatooine, Utapau
20:05:04| 
20:05:04| Starships: 12
20:05:04| Banking clan frigte, Belbullab-22 starfighter, CR90 corvette, Droid control ship, Jedi Interceptor, Jedi starfighter, Naboo star skiff, Republic attack cruiser, Theta-class T-2c shuttle, Trade Federation cruiser, V-wing, arc-170
20:05:04| 
20:05:04| Vehicles: 13
20:05:04| AT-RT, AT-TE, Clone turbo tank, Corporate Alliance tank droid, Droid gunship, Droid tri-fighter, Emergency Firespeeder, LAAT/i, Neimoidian shuttle, Oevvaor jet catamaran, Raddaugh Gnasp fluttercraft, Tsmeu-6 personal wheel bike, Vulture Droid
20:05:04| 
20:05:04| Species: 20
20:05:04| Cerean, Chagrian, Clawdite, Droid, Geonosian, Human, Iktotchi, Kaleesh, Kel Dor, Mirialan, Muun, Pau an, Quermian, Skakoan, Tholothian, Togruta, Toong, Twi lek, Wookie, Yoda species
20:05:04| Total Time To complete = 27.00970190
20:05:04| There were 94 calls to the server
