20:01:17| ****************************************
20:01:17| Part 2
20:01:17| 
20:01:17| File: ./mazes/very-small.bmp
20:01:17| Number of drawing commands = 92
20:01:17| Number of threads created  = 3
20:01:49| 
20:01:49| File: ./mazes/very-small-loops.bmp
20:01:49| Number of drawing commands = 404
20:01:49| Number of threads created  = 7
20:02:04| 
20:02:04| File: ./mazes/small.bmp
20:02:04| Number of drawing commands = 2004
20:02:04| Number of threads created  = 20
20:03:07| 
20:03:07| File: ./mazes/small-loops.bmp
20:03:07| Number of drawing commands = 2654
20:03:07| Number of threads created  = 32
20:03:17| 
20:03:17| File: ./mazes/small-odd.bmp
20:03:18| Number of drawing commands = 2996
20:03:18| Number of threads created  = 156
20:03:31| 
20:03:31| File: ./mazes/small-open.bmp
20:03:32| Number of drawing commands = 2910
20:03:32| Number of threads created  = 526
20:03:49| 
20:03:49| File: ./mazes/large.bmp
20:03:49| Number of drawing commands = 41912
20:03:49| Number of threads created  = 360
20:06:47| 
20:06:47| File: ./mazes/large-loops.bmp
20:06:47| Number of drawing commands = 39584
20:06:47| Number of threads created  = 531
20:06:51| 
20:06:51| File: ./mazes/large-squares.bmp
20:06:51| Number of drawing commands = 46548
20:06:51| Number of threads created  = 709
20:06:56| 
20:06:56| File: ./mazes/large-open.bmp
20:06:56| Number of drawing commands = 9725
20:06:56| Number of threads created  = 706
20:06:58| ****************************************
