22:39:11| finished reading file with 38 threads
22:39:12| Shaak Ti
22:39:12| Wicket Systri Warrick
22:39:12| Padmé Amidala
22:39:12| Grievous
22:39:12| Ki-Adi-Mundi
22:39:12| R5-D4
22:39:12| Wedge Antilles
22:39:12| Leia Organa
22:39:12| Kit Fisto
22:39:12| R2-D2
22:39:12| Sly Moore
22:39:12| Poggle the Lesser
22:39:12| Adi Gallia
22:39:12| Ayla Secura
22:39:12| Mace Windu
22:39:12| Saesee Tiin
22:39:12| Tarfful
22:39:12| R4-P17
22:39:12| Eeth Koth
22:39:12| Palpatine
22:39:12| Darth Vader
22:39:12| Wat Tambor
22:39:12| Luke Skywalker
22:39:12| Wilhuff Tarkin
22:39:12| Tion Medon
22:39:12| Dooku
22:39:12| Luminara Unduli
22:39:12| Raymus Antilles
22:39:12| Chewbacca
22:39:12| Beru Whitesun lars
22:39:12| Yoda
22:39:12| C-3PO
22:39:12| Anakin Skywalker
22:39:12| Owen Lars
22:39:12| Plo Koon
22:39:12| Bail Prestor Organa
22:39:12| Nute Gunray
22:39:12| Obi-Wan Kenobi
22:39:12| Time to process all URLS = 1.03190080
