22:35:36| finished reading file with 4 threads
22:35:37| Wicket Systri Warrick
22:35:37| Wedge Antilles
22:35:37| Padmé Amidala
22:35:37| Ki-Adi-Mundi
22:35:38| Shaak Ti
22:35:38| Leia Organa
22:35:38| R5-D4
22:35:38| Grievous
22:35:39| Sly Moore
22:35:39| R2-D2
22:35:39| Kit Fisto
22:35:39| Poggle the Lesser
22:35:40| Ayla Secura
22:35:40| Mace Windu
22:35:40| Adi Gallia
22:35:40| Saesee Tiin
22:35:41| Tarfful
22:35:41| Darth Vader
22:35:41| Eeth Koth
22:35:41| R4-P17
22:35:42| Wat Tambor
22:35:42| Palpatine
22:35:42| Luke Skywalker
22:35:42| Tion Medon
22:35:43| Wilhuff Tarkin
22:35:43| Dooku
22:35:43| Luminara Unduli
22:35:43| Chewbacca
22:35:44| Beru Whitesun lars
22:35:44| Yoda
22:35:44| Owen Lars
22:35:44| Raymus Antilles
22:35:45| Anakin Skywalker
22:35:45| Nute Gunray
22:35:45| Plo Koon
22:35:45| C-3PO
22:35:46| Obi-Wan Kenobi
22:35:46| Bail Prestor Organa
22:35:46| Time to process all URLS = 10.05458660
