22:34:28| finished reading file with 1 threads
22:34:29| Wicket Systri Warrick
22:34:30| Padmé Amidala
22:34:31| Ki-Adi-Mundi
22:34:32| Wedge Antilles
22:34:33| Shaak Ti
22:34:34| Leia Organa
22:34:35| R5-D4
22:34:36| Grievous
22:34:37| Kit Fisto
22:34:38| R2-D2
22:34:39| Sly Moore
22:34:40| Poggle the Lesser
22:34:41| Ayla Secura
22:34:42| Adi Gallia
22:34:43| Mace Windu
22:34:44| Saesee Tiin
22:34:45| Tarfful
22:34:46| R4-P17
22:34:47| Eeth Koth
22:34:48| Darth Vader
22:34:49| Palpatine
22:34:50| Wat Tambor
22:34:51| Luke Skywalker
22:34:53| Tion Medon
22:34:54| Wilhuff Tarkin
22:34:55| Dooku
22:34:56| Luminara Unduli
22:34:57| Chewbacca
22:34:58| Raymus Antilles
22:34:59| Beru Whitesun lars
22:35:00| Yoda
22:35:01| Owen Lars
22:35:02| C-3PO
22:35:03| Anakin Skywalker
22:35:04| Nute Gunray
22:35:05| Plo Koon
22:35:06| Bail Prestor Organa
22:35:07| Obi-Wan Kenobi
22:35:07| Time to process all URLS = 38.18412580
