21:54:45| 

21:54:45| #############################################
21:54:45| Depth First Search: 6 generations
21:54:45| #############################################
21:54:48| 3.29280860
21:54:49| 


21:54:49| ************* TREE DISPLAY *************
21:54:49| Family id: 5002794109
21:54:49|   Husband: Carter, 12-8-1903
21:54:49|   Wife: Layla, 23-2-1797
21:54:49|   Husband Parents: Mason and Riley
21:54:49|   Wife Parents: Asher and Willow
21:54:49|   Children: Elijah, Ezra, Everly, Madison, Joshua
21:54:49| Family id: 5006630873
21:54:49|   Husband: Mason, 23-11-1779
21:54:49|   Wife: Riley, 17-8-1895
21:54:49|   Husband Parents: Michael and Hazel
21:54:49|   Wife Parents: Andrew and Emily
21:54:49|   Children: Penelope, James, Evelyn, Lincoln, Jack, Wyatt, Ava, Eleanor, Carter
21:54:49| Family id: 5050026237
21:54:49|   Husband: Asher, 17-2-2018
21:54:49|   Wife: Willow, 17-5-1773
21:54:49|   Husband Parents: Aiden and Penelope
21:54:49|   Wife Parents: Lincoln and Evelyn
21:54:49|   Children: Levi, Grayson, Layla
21:54:49| Family id: 5010456885
21:54:49|   Husband: Michael, 1-7-1941
21:54:49|   Wife: Hazel, 24-2-1959
21:54:49|   Husband Parents: Asher and Violet
21:54:49|   Wife Parents: Thomas and Ella
21:54:49|   Children: Mateo, Emily, Leo, Leah, Anthony, Mason
21:54:49| Family id: 5053870681
21:54:49|   Husband: Aiden, 17-2-2013
21:54:49|   Wife: Penelope, 9-11-1882
21:54:49|   Husband Parents: Lincoln and Audrey
21:54:49|   Wife Parents: Logan and Mia
21:54:49|   Children: Charlotte, Amelia, Thomas, Anthony, Camila, Lucy, Amelia, Asher
21:54:49| Family id: 4838773053
21:54:49|   Husband: Lincoln, 26-12-1815
21:54:49|   Wife: Evelyn, 25-8-1831
21:54:49|   Husband Parents: Theodore and Ava
21:54:49|   Wife Parents: Jaxon and Mila
21:54:49|   Children: Nora, Victoria, Aubrey, Willow
21:54:49| Family id: 4996686873
21:54:49|   Husband: Andrew, 18-5-1990
21:54:49|   Wife: Emily, 7-6-1897
21:54:49|   Husband Parents: Leo and Aurora
21:54:49|   Wife Parents: Luke and Natalie
21:54:49|   Children: Jayden, Everly, Mateo, Olivia, Luke, Liam, Grace, Chloe, Riley
21:54:49| Family id: 4971420245
21:54:49|   Husband: Thomas, 2-5-1976
21:54:49|   Wife: Ella, 10-9-1999
21:54:49|   Husband Parents: Thomas and Zoe
21:54:49|   Wife Parents: Sebastian and Lillian
21:54:49|   Children: Theodore, Lily, Luna, Lucy, Hazel
21:54:49| Family id: 5014030481
21:54:49|   Husband: Asher, 24-1-1770
21:54:49|   Wife: Violet, 3-6-1981
21:54:49|   Husband Parents: Leo and Layla
21:54:49|   Wife Parents: Mateo and Zoe
21:54:49|   Children: Jackson, Amelia, Noah, Olivia, Charlotte, Mila, David, Dylan, Michael
21:54:49| Family id: 4842346649
21:54:49|   Husband: Theodore, 26-4-1934
21:54:49|   Wife: Ava, 19-5-1830
21:54:49|   Husband Parents: Mason and Madison
21:54:49|   Wife Parents: Julian and Madison
21:54:49|   Children: Amelia, Lucas, Alexander, Lincoln
21:54:49| Family id: 4934986333
21:54:49|   Husband: Jaxon, 5-6-1868
21:54:49|   Wife: Mila, 7-10-1950
21:54:49|   Husband Parents: Josiah and Penelope
21:54:49|   Wife Parents: Oliver and Harper
21:54:49|   Children: Zoe, Luna, Eleanor, Jacob, Everly, Daniel, Eleanor, Grace, Evelyn
21:54:49| Family id: 5092915513
21:54:49|   Husband: Luke, 11-10-2006
21:54:49|   Wife: Natalie, 28-7-1856
21:54:49|   Husband Parents: Jayden and Camila
21:54:49|   Wife Parents: Theodore and Abigail
21:54:49|   Children: Josiah, Joshua, Grace, Jaxon, Ava, Oliver, Emily
21:54:49| Family id: 5067632501
21:54:49|   Husband: Leo, 10-10-1959
21:54:49|   Wife: Aurora, 24-6-1977
21:54:49|   Husband Parents: Mason and Chloe
21:54:49|   Wife Parents: Andrew and Hazel
21:54:49|   Children: Luke, Scarlett, Emilia, Isabella, Mason, Andrew
21:54:49| Family id: 5057443253
21:54:49|   Husband: Lincoln, 1-10-1798
21:54:49|   Wife: Audrey, 12-12-1937
21:54:49|   Husband Parents: Oliver and Ella
21:54:49|   Wife Parents: Lincoln and Aubrey
21:54:49|   Children: Thomas, Josiah, Aiden, Jacob, Victoria, Hudson, Aria, Aiden
21:54:49| Family id: 4881385337
21:54:49|   Husband: Logan, 27-2-1794
21:54:49|   Wife: Mia, 16-6-1809
21:54:49|   Husband Parents: Noah and Lucy
21:54:49|   Wife Parents: Daniel and Sophia
21:54:49|   Children: Julian, Avery, Sebastian, Harper, Liam, Penelope
21:54:49| Family id: 4974992817
21:54:49|   Husband: Thomas, 19-1-2006
21:54:49|   Wife: Zoe, 28-1-1839
21:54:49|   Husband Parents: Oliver and Nora
21:54:49|   Wife Parents: Benjamin and Evelyn
21:54:49|   Children: James, Elijah, Amelia, Thomas
21:54:49| Family id: 4986499525
21:54:49|   Husband: Sebastian, 19-11-1857
21:54:49|   Wife: Lillian, 5-10-1863
21:54:49|   Husband Parents: Theodore and Grace
21:54:49|   Wife Parents: Noah and Lucy
21:54:49|   Children: Aubrey, Victoria, Ella
21:54:49| Family id: 4846175221
21:54:49|   Husband: Mason, 15-10-1895
21:54:49|   Wife: Madison, 4-2-1916
21:54:49|   Husband Parents: Josiah and Aubrey
21:54:49|   Wife Parents: Dylan and Emilia
21:54:49|   Children: Leo, Owen, Lucas, Theodore
21:54:49| Family id: 4857427465
21:54:49|   Husband: Julian, 26-2-1925
21:54:49|   Wife: Madison, 14-12-1855
21:54:49|   Husband Parents: Noah and Mia
21:54:49|   Wife Parents: Jayden and Willow
21:54:49|   Children: Oliver, Sophia, Gabriel, Natalie, Lily, Ava
21:54:49| Family id: 5096480917
21:54:49|   Husband: Jayden, 27-1-1862
21:54:49|   Wife: Camila, 21-9-1860
21:54:49|   Husband Parents: Jayden and Addison
21:54:49|   Wife Parents: Michael and Aurora
21:54:49|   Children: Aubrey, Alexander, Jackson, Camila, Aurora, Abigail, Aria, James, Luke
21:54:49| Family id: 5028062721
21:54:49|   Husband: Mateo, 17-1-1888
21:54:49|   Wife: Zoe, 27-11-1816
21:54:49|   Husband Parents: Jacob and Avery
21:54:49|   Wife Parents: Alexander and Harper
21:54:49|   Children: Luna, Leo, Emily, Violet
21:54:49| Family id: 5039838377
21:54:49|   Husband: Theodore, 25-9-1856
21:54:49|   Wife: Abigail, 18-2-1878
21:54:49|   Husband Parents: Lincoln and Zoey
21:54:49|   Wife Parents: Aiden and Hazel
21:54:49|   Children: Jackson, Elizabeth, Emma, Noah, Natalie
21:54:49| Family id: 5017875437
21:54:49|   Husband: Leo, 21-11-1822
21:54:49|   Wife: Layla, 23-11-1984
21:54:49|   Husband Parents: Luke and Luna
21:54:49|   Wife Parents: Sebastian and Mila
21:54:49|   Children: Jacob, Ella, Addison, Alexander, Layla, William, Willow, Emily, Asher
21:54:49| Family id: 5071214289
21:54:49|   Husband: Mason, 21-7-1928
21:54:49|   Wife: Chloe, 15-9-1802
21:54:49|   Husband Parents: Ezra and Camila
21:54:49|   Wife Parents: Jacob and Evelyn
21:54:49|   Children: Lily, Dylan, Zoe, Emma, Theodore, Liam, Leo
21:54:49| Family id: 4885221077
21:54:49|   Husband: Noah, 14-10-1825
21:54:49|   Wife: Lucy, 20-7-1919
21:54:49|   Husband Parents: Leo and Hannah
21:54:49|   Wife Parents: Hudson and Ellie
21:54:49|   Children: Hannah, Mateo, Logan
21:54:49| Family id: 4870148901
21:54:49|   Husband: Lincoln, 27-6-1780
21:54:49|   Wife: Aubrey, 18-12-2004
21:54:49|   Husband Parents: Ezra and Camila
21:54:49|   Wife Parents: Christopher and Ella
21:54:49|   Children: Grace, Riley, Audrey
21:54:49| Family id: 5081402085
21:54:49|   Husband: Andrew, 19-7-1810
21:54:49|   Wife: Hazel, 12-9-1894
21:54:49|   Husband Parents: Elijah and Lily
21:54:49|   Wife Parents: James and Olivia
21:54:49|   Children: Emma, Aria, Hazel, Zoe, Sofia, Willow, Zoey, Aurora
21:54:49| Family id: 4948754893
21:54:49|   Husband: Oliver, 2-7-1926
21:54:49|   Wife: Harper, 4-12-1915
21:54:49|   Husband Parents: Jayden and Charlotte
21:54:49|   Wife Parents: Ezra and Zoe
21:54:49|   Children: Audrey, Carter, Hannah, Mila
21:54:49| Family id: 5061279505
21:54:49|   Husband: Oliver, 3-2-1970
21:54:49|   Wife: Ella, 17-5-1799
21:54:49|   Husband Parents: Michael and Grace
21:54:49|   Wife Parents: Oliver and Hannah
21:54:49|   Children: Mason, Stella, Madison, Olivia, Emily, Lincoln
21:54:49| Family id: 4938558905
21:54:49|   Husband: Josiah, 10-3-1851
21:54:49|   Wife: Penelope, 6-9-1892
21:54:49|   Husband Parents: Logan and Olivia
21:54:49|   Wife Parents: Logan and Zoey
21:54:49|   Children: James, Jayden, Ella, Jaxon
21:54:49| Family id: 4895417065
21:54:49|   Husband: Daniel, 14-2-1757
21:54:49|   Wife: Sophia, 17-7-1756
21:54:49|   Husband Parents: Christopher and Aurora
21:54:49|   Wife Parents: Julian and Luna
21:54:49|   Children: Stella, Mateo, Mila, Mia
21:54:49| Family id: 4990073633
21:54:49|   Husband: Theodore, 11-11-1760
21:54:49|   Wife: Grace, 30-11-1869
21:54:49|   Husband Parents: None
21:54:49|   Wife Parents: None
21:54:49|   Children: Harper, Carter, Sebastian
21:54:49| Family id: 4992852669
21:54:49|   Husband: Noah, 18-6-1975
21:54:49|   Wife: Lucy, 16-1-1814
21:54:49|   Husband Parents: None
21:54:49|   Wife Parents: None
21:54:49|   Children: Dylan, Alexander, William, Logan, Grayson, Leah, Lillian
21:54:49| Family id: 4978820877
21:54:49|   Husband: Oliver, 28-3-1906
21:54:49|   Wife: Nora, 12-8-1837
21:54:49|   Husband Parents: None
21:54:49|   Wife Parents: None
21:54:49|   Children: Oliver, Sofia, Camila, Avery, Logan, Abigail, Thomas
21:54:49| Family id: 4982656617
21:54:49|   Husband: Benjamin, 30-12-1954
21:54:49|   Wife: Evelyn, 4-3-1926
21:54:49|   Husband Parents: None
21:54:49|   Wife Parents: None
21:54:49|   Children: Elijah, Lucy, Stella, Scarlett, Jayden, Madison, William, Mia, Zoe
21:54:49| Family id: 4860213605
21:54:49|   Husband: Noah, 1-9-1793
21:54:49|   Wife: Mia, 4-11-1895
21:54:49|   Husband Parents: None
21:54:49|   Wife Parents: None
21:54:49|   Children: Christopher, David, Elijah, Layla, Jaxon, William, Julian
21:54:49| Family id: 4853845165
21:54:49|   Husband: Dylan, 10-5-1834
21:54:49|   Wife: Emilia, 26-6-1979
21:54:49|   Husband Parents: None
21:54:49|   Wife Parents: None
21:54:49|   Children: Joseph, Noah, Aubrey, Joshua, Theodore, Gabriel, Madison
21:54:49| Family id: 4864041153
21:54:49|   Husband: Jayden, 30-3-2003
21:54:49|   Wife: Willow, 16-9-1885
21:54:49|   Husband Parents: None
21:54:49|   Wife Parents: None
21:54:49|   Children: Owen, Mia, Christopher, Joseph, Madison
21:54:49| Family id: 4850009425
21:54:49|   Husband: Josiah, 17-8-1786
21:54:49|   Wife: Aubrey, 22-4-1994
21:54:49|   Husband Parents: None
21:54:49|   Wife Parents: None
21:54:49|   Children: Bella, Noah, Oliver, Emma, Lucy, Thomas, Mason
21:54:49| Family id: 5099269105
21:54:49|   Husband: Jayden, 4-4-1987
21:54:49|   Wife: Addison, 11-1-1809
21:54:49|   Husband Parents: None
21:54:49|   Wife Parents: None
21:54:49|   Children: Daniel, Isabella, Eleanor, Jayden
21:54:49| Family id: 5035994445
21:54:49|   Husband: Michael, 20-4-1807
21:54:49|   Wife: Aurora, 2-11-1986
21:54:49|   Husband Parents: None
21:54:49|   Wife Parents: None
21:54:49|   Children: Gabriel, Mia, Scarlett, Theodore, Jacob, Jacob, Camila
21:54:49| Family id: 5031897501
21:54:49|   Husband: Jacob, 22-10-1769
21:54:49|   Wife: Avery, 15-12-1978
21:54:49|   Husband Parents: None
21:54:49|   Wife Parents: None
21:54:49|   Children: Asher, Jaxon, Joseph, Dylan, Asher, Bella, Mateo
21:54:49| Family id: 4968632569
21:54:49|   Husband: Alexander, 17-1-1964
21:54:49|   Wife: Harper, 28-4-1809
21:54:49|   Husband Parents: None
21:54:49|   Wife Parents: None
21:54:49|   Children: Samuel, Lucy, Harper, Ellie, Noah, Josiah, Bella, Henry, Zoe
21:54:49| Family id: 5047239009
21:54:49|   Husband: Aiden, 16-5-1943
21:54:49|   Wife: Hazel, 23-12-1986
21:54:49|   Husband Parents: None
21:54:49|   Wife Parents: None
21:54:49|   Children: Daniel, Addison, Scarlett, Michael, Aubrey, Ezra, Zoey, Abigail
21:54:49| Family id: 5043412485
21:54:49|   Husband: Lincoln, 16-11-2017
21:54:49|   Wife: Zoey, 3-5-1840
21:54:49|   Husband Parents: None
21:54:49|   Wife Parents: None
21:54:49|   Children: Charlotte, Evelyn, Ellie, Mila, Mila, Theodore
21:54:49| Family id: 4888014897
21:54:49|   Husband: Leo, 30-12-1785
21:54:49|   Wife: Hannah, 28-8-1885
21:54:49|   Husband Parents: None
21:54:49|   Wife Parents: None
21:54:49|   Children: Oliver, Anthony, Lily, Carter, Noah
21:54:49| Family id: 4891851661
21:54:49|   Husband: Hudson, 27-7-1969
21:54:49|   Wife: Ellie, 17-8-1855
21:54:49|   Husband Parents: None
21:54:49|   Wife Parents: None
21:54:49|   Children: Matthew, John, Michael, Riley, Lily, David, Sophia, Penelope, Lucy
21:54:49| Family id: 5075048493
21:54:49|   Husband: Ezra, 23-2-1800
21:54:49|   Wife: Camila, 6-2-1826
21:54:49|   Husband Parents: None
21:54:49|   Wife Parents: None
21:54:49|   Children: John, Henry, Jaxon, Jaxon, Mason
21:54:49| Family id: 5077828489
21:54:49|   Husband: Jacob, 29-1-1934
21:54:49|   Wife: Evelyn, 31-8-1965
21:54:49|   Husband Parents: None
21:54:49|   Wife Parents: None
21:54:49|   Children: Christopher, Wyatt, Chloe
21:54:49| Family id: 4942403349
21:54:49|   Husband: Logan, 19-6-1982
21:54:49|   Wife: Olivia, 27-10-1986
21:54:49|   Husband Parents: None
21:54:49|   Wife Parents: None
21:54:49|   Children: Eleanor, Riley, Madison, Josiah
21:54:49| Family id: 4877818909
21:54:49|   Husband: Christopher, 6-7-1782
21:54:49|   Wife: Ella, 26-9-1874
21:54:49|   Husband Parents: None
21:54:49|   Wife Parents: None
21:54:49|   Children: Emilia, Leah, Sofia, Sophia, Jayden, Elizabeth, Aubrey
21:54:49| Family id: 5065107053
21:54:49|   Husband: Michael, 8-6-1837
21:54:49|   Wife: Grace, 10-4-1792
21:54:49|   Husband Parents: None
21:54:49|   Wife Parents: None
21:54:49|   Children: Ethan, Henry, Ellie, Emily, James, Hannah, Noah, Oliver
21:54:49| Family id: 4832142405
21:54:49|   Husband: Christopher, 15-7-1946
21:54:49|   Wife: Aurora, 12-6-1783
21:54:49|   Husband Parents: None
21:54:49|   Wife Parents: None
21:54:49|   Children: Luke, Emily, Alexander, Natalie, Bella, Lucas, William, Emma, Daniel
21:54:49| Family id: 4873984641
21:54:49|   Husband: Ezra, 8-2-1798
21:54:49|   Wife: Camila, 10-5-1991
21:54:49|   Husband Parents: None
21:54:49|   Wife Parents: None
21:54:49|   Children: Julian, Emilia, Abigail, Penelope, Stella, Lincoln
21:54:49| Family id: 4956435077
21:54:49|   Husband: Ezra, 19-9-1847
21:54:49|   Wife: Zoe, 3-5-1871
21:54:49|   Husband Parents: None
21:54:49|   Wife Parents: None
21:54:49|   Children: Mason, Camila, Amelia, Lincoln, Harper
21:54:49| Family id: 5024496805
21:54:49|   Husband: Sebastian, 3-7-1861
21:54:49|   Wife: Mila, 29-3-1822
21:54:49|   Husband Parents: None
21:54:49|   Wife Parents: None
21:54:49|   Children: William, Anthony, Jacob, Lucy, Layla
21:54:49| Family id: 5020661065
21:54:49|   Husband: Luke, 21-3-1871
21:54:49|   Wife: Luna, 13-3-1918
21:54:49|   Husband Parents: None
21:54:49|   Wife Parents: None
21:54:49|   Children: Samuel, Grace, Lillian, Zoey, Joseph, Samuel, Leo
21:54:49| Family id: 4866566601
21:54:49|   Husband: Oliver, 23-8-1901
21:54:49|   Wife: Hannah, 21-1-1992
21:54:49|   Husband Parents: None
21:54:49|   Wife Parents: None
21:54:49|   Children: Ethan, Lucas, Henry, Emilia, Ella
21:54:49| Family id: 4952591145
21:54:49|   Husband: Jayden, 11-6-1891
21:54:49|   Wife: Charlotte, 23-12-1826
21:54:49|   Husband Parents: None
21:54:49|   Wife Parents: None
21:54:49|   Children: Aiden, Jaxon, Thomas, Jaxon, Jacob, Oliver
21:54:49| Family id: 5089081309
21:54:49|   Husband: James, 27-9-1782
21:54:49|   Wife: Olivia, 2-8-1772
21:54:49|   Husband Parents: None
21:54:49|   Wife Parents: None
21:54:49|   Children: Hudson, Willow, Aubrey, Ethan, Daniel, Carter, Hudson, Hazel
21:54:49| Family id: 5085236289
21:54:49|   Husband: Elijah, 23-8-1753
21:54:49|   Wife: Lily, 30-9-1949
21:54:49|   Husband Parents: None
21:54:49|   Wife Parents: None
21:54:49|   Children: Joseph, Leah, Lucas, Liam, Ava, Asher, Evelyn, Luke, Andrew
21:54:49| Family id: 4945190513
21:54:49|   Husband: Logan, 5-1-1957
21:54:49|   Wife: Zoey, 24-7-1824
21:54:49|   Husband Parents: None
21:54:49|   Wife Parents: None
21:54:49|   Children: Gabriel, James, Lucy, Penelope
21:54:49| Family id: 4835979169
21:54:49|   Husband: Julian, 3-2-1931
21:54:49|   Wife: Luna, 17-10-1891
21:54:49|   Husband Parents: None
21:54:49|   Wife Parents: None
21:54:49|   Children: Sebastian, Samuel, Avery, Daniel, Sophia, Sophia
21:54:49| 
21:54:49| Number of people                    : 449
21:54:49| Number of families                  : 63
21:54:49| Max generations                     : 6
21:54:49| People connected to starting family : 449
21:54:49| 
21:54:49| total_time                    : 3.29281
21:54:49| Generations                   : 6
21:54:49| People % Families / second    : 155.49036
21:54:49| 
21:54:49| STATS        Retrieved | Server details
21:54:49| People  :          449 |            449
21:54:49| Families:           63 |             63
21:54:49| API Calls            : 514
21:54:49| Max number of threads: 236
21:54:49| 

21:54:49| #############################################
21:54:49| Breadth First Search: 6 generations
21:54:49| #############################################
21:54:53| 3.77504580
21:54:53| 


21:54:53| ************* TREE DISPLAY *************
21:54:53| Family id: 5002794109
21:54:53|   Husband: Thomas, 21-3-1759
21:54:53|   Wife: Abigail, 30-10-1970
21:54:53|   Husband Parents: Michael and Madison
21:54:53|   Wife Parents: James and Avery
21:54:53|   Children: Eleanor, Emilia, Abigail
21:54:53| Family id: 5050026237
21:54:53|   Husband: James, 3-12-1760
21:54:53|   Wife: Avery, 2-4-1868
21:54:53|   Husband Parents: Joseph and Stella
21:54:53|   Wife Parents: Levi and Aurora
21:54:53|   Children: Jaxon, Aria, Aubrey, Dylan, Layla, Bella, Joshua, Abigail
21:54:53| Family id: 5006630873
21:54:53|   Husband: Michael, 23-1-1908
21:54:53|   Wife: Madison, 17-8-1824
21:54:53|   Husband Parents: Noah and Riley
21:54:53|   Wife Parents: Joshua and Audrey
21:54:53|   Children: Christopher, Ava, Evelyn, Zoe, Aubrey, Willow, Thomas
21:54:53| Family id: 5053870681
21:54:53|   Husband: Joseph, 31-3-1892
21:54:53|   Wife: Stella, 20-7-1807
21:54:53|   Husband Parents: Samuel and Grace
21:54:53|   Wife Parents: Dylan and Violet
21:54:53|   Children: Emilia, Elizabeth, James
21:54:53| Family id: 5010456885
21:54:53|   Husband: Noah, 31-12-1920
21:54:53|   Wife: Riley, 21-9-1780
21:54:53|   Husband Parents: Lucas and Evelyn
21:54:53|   Wife Parents: Christopher and Lily
21:54:53|   Children: Grace, Ava, Charlotte, Aurora, Michael
21:54:53| Family id: 4996686873
21:54:53|   Husband: Joshua, 10-8-1882
21:54:53|   Wife: Audrey, 24-8-1788
21:54:53|   Husband Parents: Ezra and Eleanor
21:54:53|   Wife Parents: Mason and Charlotte
21:54:53|   Children: Leah, Nora, Madison, Liam, Owen, Grayson, Madison
21:54:53| Family id: 4838773053
21:54:53|   Husband: Levi, 1-10-1936
21:54:53|   Wife: Aurora, 3-7-1757
21:54:53|   Husband Parents: Jack and Ellie
21:54:53|   Wife Parents: James and Hazel
21:54:53|   Children: Willow, Grace, Abigail, Audrey, Scarlett, Logan, Sofia, Grayson, Avery
21:54:53| Family id: 4881385337
21:54:53|   Husband: Dylan, 22-10-1795
21:54:53|   Wife: Violet, 6-11-1892
21:54:53|   Husband Parents: Levi and Addison
21:54:53|   Wife Parents: Ezra and Isabella
21:54:53|   Children: Owen, Andrew, Madison, Stella
21:54:53| Family id: 5057443253
21:54:53|   Husband: Samuel, 26-8-1892
21:54:53|   Wife: Grace, 22-11-1817
21:54:53|   Husband Parents: Theodore and Luna
21:54:53|   Wife Parents: Lincoln and Isabella
21:54:53|   Children: Penelope, James, Aiden, Joseph
21:54:53| Family id: 5014030481
21:54:53|   Husband: Lucas, 6-11-2017
21:54:53|   Wife: Evelyn, 24-9-1965
21:54:53|   Husband Parents: Joshua and Abigail
21:54:53|   Wife Parents: Elijah and Ellie
21:54:53|   Children: Lincoln, Natalie, Noah
21:54:53| Family id: 4971420245
21:54:53|   Husband: Christopher, 29-4-1757
21:54:53|   Wife: Lily, 5-6-1990
21:54:53|   Husband Parents: Oliver and Emily
21:54:53|   Wife Parents: Isaac and Ellie
21:54:53|   Children: Ezra, Addison, Luke, Riley
21:54:53| Family id: 4842346649
21:54:53|   Husband: Jack, 23-2-1950
21:54:53|   Wife: Ellie, 25-10-1821
21:54:53|   Husband Parents: Mateo and Audrey
21:54:53|   Wife Parents: Mateo and Ellie
21:54:53|   Children: Joshua, Henry, Benjamin, Lucy, Ava, Eleanor, Nora, Levi
21:54:53| Family id: 5092915513
21:54:53|   Husband: Mason, 20-7-1848
21:54:53|   Wife: Charlotte, 8-7-1769
21:54:53|   Husband Parents: Leo and Avery
21:54:53|   Wife Parents: Michael and Madison
21:54:53|   Children: Isaac, Samuel, Bella, Audrey
21:54:53| Family id: 5067632501
21:54:53|   Husband: Ezra, 18-4-1812
21:54:53|   Wife: Eleanor, 27-1-1977
21:54:53|   Husband Parents: Owen and Everly
21:54:53|   Wife Parents: Joshua and Harper
21:54:53|   Children: Hannah, John, Willow, Daniel, Joshua
21:54:53| Family id: 4934986333
21:54:53|   Husband: James, 19-9-1942
21:54:53|   Wife: Hazel, 16-10-1984
21:54:53|   Husband Parents: Logan and Nora
21:54:53|   Wife Parents: Jacob and Lillian
21:54:53|   Children: Leo, Elizabeth, Aurora
21:54:53| Family id: 4885221077
21:54:53|   Husband: Levi, 19-10-2013
21:54:53|   Wife: Addison, 15-4-1825
21:54:53|   Husband Parents: Luke and Aurora
21:54:53|   Wife Parents: Luke and Harper
21:54:53|   Children: Zoe, Riley, Josiah, Penelope, Hazel, Dylan
21:54:53| Family id: 4895417065
21:54:53|   Husband: Ezra, 21-9-1868
21:54:53|   Wife: Isabella, 2-4-1987
21:54:53|   Husband Parents: John and Scarlett
21:54:53|   Wife Parents: Jayden and Sophia
21:54:53|   Children: Mila, John, Violet
21:54:53| Family id: 5061279505
21:54:53|   Husband: Theodore, 11-11-1851
21:54:53|   Wife: Luna, 27-10-1894
21:54:53|   Husband Parents: Wyatt and Avery
21:54:53|   Wife Parents: Matthew and Camila
21:54:53|   Children: Lillian, Avery, Abigail, Daniel, Samuel
21:54:53| Family id: 4870148901
21:54:53|   Husband: Lincoln, 9-8-1815
21:54:53|   Wife: Isabella, 12-11-1963
21:54:53|   Husband Parents: Hudson and Lillian
21:54:53|   Wife Parents: Henry and Bella
21:54:53|   Children: Aiden, Daniel, Grace
21:54:53| Family id: 5028062721
21:54:53|   Husband: Elijah, 18-2-1921
21:54:53|   Wife: Ellie, 19-5-1944
21:54:53|   Husband Parents: David and Avery
21:54:53|   Wife Parents: Liam and Penelope
21:54:53|   Children: Isaac, Layla, Aria, Samuel, Emilia, Carter, Oliver, Evelyn
21:54:53| Family id: 5017875437
21:54:53|   Husband: Joshua, 1-12-1857
21:54:53|   Wife: Abigail, 9-8-1892
21:54:53|   Husband Parents: Michael and Aria
21:54:53|   Wife Parents: Jack and Avery
21:54:53|   Children: Aurora, Jacob, Levi, Owen, Lucas
21:54:53| Family id: 4986499525
21:54:53|   Husband: Isaac, 27-12-1837
21:54:53|   Wife: Ellie, 28-6-1844
21:54:53|   Husband Parents: Ezra and Mila
21:54:53|   Wife Parents: Jayden and Hannah
21:54:53|   Children: Zoey, Logan, Layla, Aubrey, Amelia, Riley, Aurora, David, Lily
21:54:53| Family id: 4974992817
21:54:53|   Husband: Oliver, 13-4-1877
21:54:53|   Wife: Emily, 7-8-1859
21:54:53|   Husband Parents: James and Aurora
21:54:53|   Wife Parents: William and Zoey
21:54:53|   Children: Madison, Amelia, Jack, Christopher
21:54:53| Family id: 5096480917
21:54:53|   Husband: Leo, 15-8-1774
21:54:53|   Wife: Avery, 31-10-1924
21:54:53|   Husband Parents: Julian and Lillian
21:54:53|   Wife Parents: Jack and Emily
21:54:53|   Children: Ethan, Lucy, Wyatt, Mason
21:54:53| Family id: 5039838377
21:54:53|   Husband: Michael, 14-2-1966
21:54:53|   Wife: Madison, 2-11-1937
21:54:53|   Husband Parents: William and Natalie
21:54:53|   Wife Parents: Owen and Ava
21:54:53|   Children: Penelope, Madison, Owen, Grayson, Violet, Carter, Charlotte
21:54:53| Family id: 4857427465
21:54:53|   Husband: Mateo, 19-11-1981
21:54:53|   Wife: Ellie, 14-1-1770
21:54:53|   Husband Parents: Anthony and Harper
21:54:53|   Wife Parents: Andrew and Ava
21:54:53|   Children: Jaxon, Madison, Jackson, Ava, Scarlett, Anthony, Henry, Ellie
21:54:53| Family id: 5081402085
21:54:53|   Husband: Joshua, 28-8-1873
21:54:53|   Wife: Harper, 30-9-1837
21:54:53|   Husband Parents: Alexander and Aria
21:54:53|   Wife Parents: Jack and Ava
21:54:53|   Children: Addison, Evelyn, Alexander, Layla, Joshua, Theodore, Eleanor
21:54:53| Family id: 4948754893
21:54:53|   Husband: Jacob, 16-3-1769
21:54:53|   Wife: Lillian, 9-11-1829
21:54:53|   Husband Parents: William and Natalie
21:54:53|   Wife Parents: Thomas and Charlotte
21:54:53|   Children: Mila, Anthony, Addison, Hazel
21:54:53| Family id: 5071214289
21:54:53|   Husband: Owen, 13-10-1790
21:54:53|   Wife: Everly, 24-10-1753
21:54:53|   Husband Parents: Ezra and Addison
21:54:53|   Wife Parents: Andrew and Emilia
21:54:53|   Children: Wyatt, Hazel, Ezra
21:54:53| Family id: 4846175221
21:54:53|   Husband: Mateo, 21-1-1844
21:54:53|   Wife: Audrey, 15-8-1905
21:54:53|   Husband Parents: Josiah and Addison
21:54:53|   Wife Parents: Matthew and Grace
21:54:53|   Children: Matthew, Hazel, Stella, Benjamin, John, Jack, Jack
21:54:53| Family id: 4938558905
21:54:53|   Husband: Logan, 12-8-1858
21:54:53|   Wife: Nora, 13-3-1927
21:54:53|   Husband Parents: None
21:54:53|   Wife Parents: None
21:54:53|   Children: Leo, Hannah, Henry, Charlotte, Lily, James
21:54:53| Family id: 4888014897
21:54:53|   Husband: Luke, 21-7-1818
21:54:53|   Wife: Aurora, 23-5-1757
21:54:53|   Husband Parents: None
21:54:53|   Wife Parents: None
21:54:53|   Children: Theodore, Lily, Aurora, Madison, Addison, Joseph, Christopher, Sebastian, Levi
21:54:53| Family id: 4832142405
21:54:53|   Husband: John, 13-11-1862
21:54:53|   Wife: Scarlett, 9-6-1907
21:54:53|   Husband Parents: None
21:54:53|   Wife Parents: None
21:54:53|   Children: Luna, Penelope, Leah, Emma, Lucas, Ezra
21:54:53| Family id: 4891851661
21:54:53|   Husband: Luke, 3-3-1823
21:54:53|   Wife: Harper, 3-1-1799
21:54:53|   Husband Parents: None
21:54:53|   Wife Parents: None
21:54:53|   Children: Willow, Levi, Isabella, Sebastian, Addison
21:54:53| Family id: 4835979169
21:54:53|   Husband: Jayden, 24-8-1863
21:54:53|   Wife: Sophia, 31-8-1952
21:54:53|   Husband Parents: None
21:54:53|   Wife Parents: None
21:54:53|   Children: David, Wyatt, Zoe, Dylan, Ellie, Chloe, Gabriel, Lucas, Isabella
21:54:53| Family id: 4877818909
21:54:53|   Husband: Henry, 24-12-1868
21:54:53|   Wife: Bella, 8-7-1841
21:54:53|   Husband Parents: None
21:54:53|   Wife Parents: None
21:54:53|   Children: Aiden, Lucy, Wyatt, Willow, Hudson, Josiah, Isabella
21:54:53| Family id: 4866566601
21:54:53|   Husband: Matthew, 30-9-1829
21:54:53|   Wife: Camila, 27-11-1862
21:54:53|   Husband Parents: None
21:54:53|   Wife Parents: None
21:54:53|   Children: Wyatt, Victoria, Lily, Ezra, Natalie, Jack, Jackson, Luna
21:54:53| Family id: 4873984641
21:54:53|   Husband: Hudson, 13-6-1917
21:54:53|   Wife: Lillian, 12-6-1916
21:54:53|   Husband Parents: None
21:54:53|   Wife Parents: None
21:54:53|   Children: Mason, Addison, Layla, Lincoln, Joseph, Grayson, James, Thomas, Lincoln
21:54:53| Family id: 5065107053
21:54:53|   Husband: Wyatt, 7-12-2010
21:54:53|   Wife: Avery, 27-5-1884
21:54:53|   Husband Parents: None
21:54:53|   Wife Parents: None
21:54:53|   Children: Hannah, Riley, Sophia, Mila, William, Asher, Anthony, Theodore
21:54:53| Family id: 5020661065
21:54:53|   Husband: Michael, 18-4-1940
21:54:53|   Wife: Aria, 23-4-1989
21:54:53|   Husband Parents: None
21:54:53|   Wife Parents: None
21:54:53|   Children: Emma, William, Abigail, Joshua
21:54:53| Family id: 5024496805
21:54:53|   Husband: Jack, 21-3-1990
21:54:53|   Wife: Avery, 17-6-1995
21:54:53|   Husband Parents: None
21:54:53|   Wife Parents: None
21:54:53|   Children: Mateo, Isaac, Grace, Ava, Abigail
21:54:53| Family id: 4968632569
21:54:53|   Husband: Liam, 16-1-1936
21:54:53|   Wife: Penelope, 22-11-1934
21:54:53|   Husband Parents: None
21:54:53|   Wife Parents: None
21:54:53|   Children: Zoey, Penelope, Ava, Aubrey, Ellie
21:54:53| Family id: 5031897501
21:54:53|   Husband: David, 17-7-1949
21:54:53|   Wife: Avery, 27-4-1795
21:54:53|   Husband Parents: None
21:54:53|   Wife Parents: None
21:54:53|   Children: Lillian, Anthony, Lincoln, Ava, Owen, Matthew, Abigail, Elijah
21:54:53| Family id: 5099269105
21:54:53|   Husband: Julian, 12-8-1844
21:54:53|   Wife: Lillian, 24-11-1870
21:54:53|   Husband Parents: None
21:54:53|   Wife Parents: None
21:54:53|   Children: Stella, William, Lucas, Aubrey, Leo
21:54:53| Family id: 5035994445
21:54:53|   Husband: Jack, 7-2-1874
21:54:53|   Wife: Emily, 25-5-1825
21:54:53|   Husband Parents: None
21:54:53|   Wife Parents: None
21:54:53|   Children: Christopher, Lucy, Riley, Liam, Riley, Samuel, Abigail, Emilia, Avery
21:54:53| Family id: 5075048493
21:54:53|   Husband: Ezra, 17-11-2000
21:54:53|   Wife: Addison, 23-7-1757
21:54:53|   Husband Parents: None
21:54:53|   Wife Parents: None
21:54:53|   Children: Dylan, Grace, Scarlett, Owen
21:54:53| Family id: 4956435077
21:54:53|   Husband: Thomas, 8-7-1820
21:54:53|   Wife: Charlotte, 25-2-1916
21:54:53|   Husband Parents: None
21:54:53|   Wife Parents: None
21:54:53|   Children: Ezra, John, Lillian
21:54:53| Family id: 4952591145
21:54:53|   Husband: William, 2-7-1793
21:54:53|   Wife: Natalie, 16-1-1900
21:54:53|   Husband Parents: None
21:54:53|   Wife Parents: None
21:54:53|   Children: Everly, Lillian, Zoey, Liam, Jayden, Natalie, Sophia, Jacob
21:54:53| Family id: 4982656617
21:54:53|   Husband: William, 25-8-1842
21:54:53|   Wife: Zoey, 4-2-1799
21:54:53|   Husband Parents: None
21:54:53|   Wife Parents: None
21:54:53|   Children: Asher, Samuel, Emma, Amelia, Emily
21:54:53| Family id: 4978820877
21:54:53|   Husband: James, 23-1-1927
21:54:53|   Wife: Aurora, 24-7-1797
21:54:53|   Husband Parents: None
21:54:53|   Wife Parents: None
21:54:53|   Children: Emilia, Ella, Oliver
21:54:53| Family id: 5047239009
21:54:53|   Husband: Owen, 7-3-1895
21:54:53|   Wife: Ava, 10-8-1806
21:54:53|   Husband Parents: None
21:54:53|   Wife Parents: None
21:54:53|   Children: Natalie, Mateo, Zoey, Madison
21:54:53| Family id: 5043412485
21:54:53|   Husband: William, 6-8-1840
21:54:53|   Wife: Natalie, 13-3-1805
21:54:53|   Husband Parents: None
21:54:53|   Wife Parents: None
21:54:53|   Children: Natalie, Christopher, Lily, Eleanor, Layla, Grace, Michael
21:54:53| Family id: 5077828489
21:54:53|   Husband: Andrew, 4-12-1915
21:54:53|   Wife: Emilia, 25-11-1833
21:54:53|   Husband Parents: None
21:54:53|   Wife Parents: None
21:54:53|   Children: David, Layla, Elizabeth, Henry, Logan, Everly
21:54:53| Family id: 4850009425
21:54:53|   Husband: Josiah, 6-7-1865
21:54:53|   Wife: Addison, 28-1-1887
21:54:53|   Husband Parents: None
21:54:53|   Wife Parents: None
21:54:53|   Children: Mila, Wyatt, Violet, Mateo
21:54:53| Family id: 4853845165
21:54:53|   Husband: Matthew, 18-9-1901
21:54:53|   Wife: Grace, 18-9-1904
21:54:53|   Husband Parents: None
21:54:53|   Wife Parents: None
21:54:53|   Children: Camila, Lincoln, Josiah, Anthony, Levi, Owen, Sofia, Evelyn, Audrey
21:54:53| Family id: 5085236289
21:54:53|   Husband: Alexander, 22-3-1769
21:54:53|   Wife: Aria, 10-1-1793
21:54:53|   Husband Parents: None
21:54:53|   Wife Parents: None
21:54:53|   Children: Leah, Lucy, Oliver, David, Camila, Daniel, Joshua
21:54:53| Family id: 4864041153
21:54:53|   Husband: Andrew, 21-4-1959
21:54:53|   Wife: Ava, 2-1-1848
21:54:53|   Husband Parents: None
21:54:53|   Wife Parents: None
21:54:53|   Children: David, Layla, Sebastian, Jack, Oliver, Jaxon, Ellie
21:54:53| Family id: 4992852669
21:54:53|   Husband: Jayden, 10-2-1814
21:54:53|   Wife: Hannah, 28-6-1903
21:54:53|   Husband Parents: None
21:54:53|   Wife Parents: None
21:54:53|   Children: Lillian, Alexander, Josiah, Grayson, Layla, Julian, Emma, Ellie
21:54:53| Family id: 5089081309
21:54:53|   Husband: Jack, 24-6-1948
21:54:53|   Wife: Ava, 9-5-2010
21:54:53|   Husband Parents: None
21:54:53|   Wife Parents: None
21:54:53|   Children: Owen, Nora, Logan, Grayson, Avery, Christopher, Sophia, Chloe, Harper
21:54:53| Family id: 4990073633
21:54:53|   Husband: Ezra, 24-8-1755
21:54:53|   Wife: Mila, 4-11-2013
21:54:53|   Husband Parents: None
21:54:53|   Wife Parents: None
21:54:53|   Children: Sophia, Layla, Aria, Jacob, Grayson, Isaac
21:54:53| Family id: 4860213605
21:54:53|   Husband: Anthony, 18-9-1758
21:54:53|   Wife: Harper, 15-3-2012
21:54:53|   Husband Parents: None
21:54:53|   Wife Parents: None
21:54:53|   Children: Benjamin, Henry, Everly, Owen, Luke, Mateo
21:54:53| 
21:54:53| Number of people                    : 421
21:54:53| Number of families                  : 61
21:54:53| Max generations                     : 6
21:54:53| People connected to starting family : 421
21:54:53| 
21:54:53| total_time                    : 3.77505
21:54:53| Generations                   : 6
21:54:53| People % Families / second    : 127.68057
21:54:53| 
21:54:53| STATS        Retrieved | Server details
21:54:53| People  :          421 |            434
21:54:53| Families:           61 |             63
21:54:53| API Calls            : 484
21:54:53| Max number of threads: 220
21:54:53| 

21:54:53| #############################################
21:54:53| Breadth First Search limit 5: 6 generations
21:54:53| #############################################
21:55:48| 54.71446030
21:55:48| 


21:55:48| ************* TREE DISPLAY *************
21:55:48| Family id: 5002794109
21:55:48|   Husband: Luke, 24-9-1949
21:55:48|   Wife: Eleanor, 29-3-1931
21:55:48|   Husband Parents: Hudson and Eleanor
21:55:48|   Wife Parents: Lincoln and Penelope
21:55:48|   Children: Isaac
21:55:48| Family id: 5006630873
21:55:48|   Husband: Hudson, 29-5-2018
21:55:48|   Wife: Eleanor, 12-4-1903
21:55:48|   Husband Parents: David and Violet
21:55:48|   Wife Parents: Andrew and Luna
21:55:48|   Children: Asher, Carter, Luke
21:55:48| Family id: 5050026237
21:55:48|   Husband: Lincoln, 2-3-1867
21:55:48|   Wife: Penelope, 18-8-1880
21:55:48|   Husband Parents: Leo and Sophia
21:55:48|   Wife Parents: Daniel and Ella
21:55:48|   Children: Alexander, Julian
21:55:48| Family id: 5010456885
21:55:48|   Husband: David, 28-3-1827
21:55:48|   Wife: Violet, 8-4-1876
21:55:48|   Husband Parents: Samuel and Harper
21:55:48|   Wife Parents: David and Riley
21:55:48|   Children: Charlotte, Sophia, Mila
21:55:48| Family id: 4996686873
21:55:48|   Husband: Andrew, 9-12-1891
21:55:48|   Wife: Luna, 8-3-2001
21:55:48|   Husband Parents: Joseph and Aurora
21:55:48|   Wife Parents: Matthew and Leah
21:55:48|   Children: Sophia
21:55:48| Family id: 5053870681
21:55:48|   Husband: Leo, 11-9-1771
21:55:48|   Wife: Sophia, 30-7-1879
21:55:48|   Husband Parents: Lincoln and Everly
21:55:48|   Wife Parents: Elijah and Chloe
21:55:48|   Children: Henry
21:55:48| Family id: 4838773053
21:55:48|   Husband: Daniel, 14-9-2009
21:55:48|   Wife: Ella, 24-6-1893
21:55:48|   Husband Parents: Christopher and Mia
21:55:48|   Wife Parents: Jackson and Emilia
21:55:48|   Children: William
21:55:48| Family id: 5014030481
21:55:48|   Husband: Samuel, 9-2-2018
21:55:48|   Wife: Harper, 13-7-1986
21:55:48|   Husband Parents: Theodore and Hannah
21:55:48|   Wife Parents: Samuel and Zoey
21:55:48|   Children: Willow, Amelia, David
21:55:48| Family id: 4971420245
21:55:48|   Husband: David, 25-9-1892
21:55:48|   Wife: Riley, 23-9-1954
21:55:48|   Husband Parents: Thomas and Charlotte
21:55:48|   Wife Parents: Lincoln and Mila
21:55:48|   Children: Zoe
21:55:48| Family id: 5067632501
21:55:48|   Husband: Joseph, 26-7-1777
21:55:48|   Wife: Aurora, 15-5-1863
21:55:48|   Husband Parents: Lincoln and Madison
21:55:48|   Wife Parents: Jackson and Lucy
21:55:48|   Children: Leo, Gabriel
21:55:48| Family id: 5092915513
21:55:48|   Husband: Matthew, 17-2-1913
21:55:48|   Wife: Leah, 4-8-1927
21:55:48|   Husband Parents: Isaac and Audrey
21:55:48|   Wife Parents: Carter and Isabella
21:55:48|   Children: Joshua, Luke
21:55:48| Family id: 5057443253
21:55:48|   Husband: Lincoln, 11-12-1775
21:55:48|   Wife: Everly, 10-12-1949
21:55:48|   Husband Parents: Leo and Bella
21:55:48|   Wife Parents: Luke and Evelyn
21:55:48|   Children: Emily, Mateo, Eleanor
21:55:48| Family id: 4881385337
21:55:48|   Husband: Elijah, 27-9-1966
21:55:48|   Wife: Chloe, 2-12-1883
21:55:48|   Husband Parents: Matthew and Bella
21:55:48|   Wife Parents: Andrew and Audrey
21:55:48|   Children: Anthony
21:55:48| Family id: 4842346649
21:55:48|   Husband: Christopher, 15-8-1900
21:55:48|   Wife: Mia, 8-3-1836
21:55:48|   Husband Parents: Luke and Grace
21:55:48|   Wife Parents: Carter and Aubrey
21:55:48|   Children: Christopher, Carter, Daniel
21:55:48| Family id: 4934986333
21:55:48|   Husband: Jackson, 28-3-1920
21:55:48|   Wife: Emilia, 14-3-1770
21:55:48|   Husband Parents: Jackson and Victoria
21:55:48|   Wife Parents: Michael and Avery
21:55:48|   Children: Sophia, Ella, Audrey
21:55:48| Family id: 5017875437
21:55:48|   Husband: Theodore, 13-11-1889
21:55:48|   Wife: Hannah, 12-5-1982
21:55:48|   Husband Parents: William and Stella
21:55:48|   Wife Parents: Joseph and Ellie
21:55:48|   Children: Theodore, Aurora
21:55:48| Family id: 5028062721
21:55:48|   Husband: Samuel, 23-3-1898
21:55:48|   Wife: Zoey, 17-10-1883
21:55:48|   Husband Parents: Jaxon and Leah
21:55:48|   Wife Parents: Benjamin and Madison
21:55:48|   Children: Jack
21:55:48| Family id: 4974992817
21:55:48|   Husband: Thomas, 10-9-1787
21:55:48|   Wife: Charlotte, 14-5-1852
21:55:48|   Husband Parents: Wyatt and Lily
21:55:48|   Wife Parents: Mason and Addison
21:55:48|   Children: Violet, Jaxon
21:55:48| Family id: 4986499525
21:55:48|   Husband: Lincoln, 7-5-1946
21:55:48|   Wife: Mila, 10-3-1830
21:55:48|   Husband Parents: Asher and Emma
21:55:48|   Wife Parents: Sebastian and Zoey
21:55:48|   Children: Joshua
21:55:48| Family id: 5071214289
21:55:48|   Husband: Lincoln, 19-11-1933
21:55:48|   Wife: Madison, 8-1-1827
21:55:48|   Husband Parents: Luke and Aurora
21:55:48|   Wife Parents: Liam and Lillian
21:55:48|   Children: Jaxon, Lucy, Stella
21:55:48| Family id: 5081402085
21:55:48|   Husband: Jackson, 15-8-1806
21:55:48|   Wife: Lucy, 3-6-1794
21:55:48|   Husband Parents: Jack and Charlotte
21:55:48|   Wife Parents: Leo and Hannah
21:55:48|   Children: Emily
21:55:48| Family id: 5096480917
21:55:48|   Husband: Isaac, 26-12-1884
21:55:48|   Wife: Audrey, 6-8-1908
21:55:48|   Husband Parents: Luke and Scarlett
21:55:48|   Wife Parents: Lincoln and Abigail
21:55:48|   Children: Luke
21:55:48| Family id: 5039838377
21:55:48|   Husband: Carter, 22-1-1938
21:55:48|   Wife: Isabella, 22-3-1774
21:55:48|   Husband Parents: Mateo and Camila
21:55:48|   Wife Parents: Elijah and Ava
21:55:48|   Children: James
21:55:48| Family id: 5061279505
21:55:48|   Husband: Leo, 29-11-1895
21:55:48|   Wife: Bella, 5-5-1907
21:55:48|   Husband Parents: Jacob and Bella
21:55:48|   Wife Parents: Jayden and Abigail
21:55:48|   Children: Daniel, Zoe, Logan
21:55:48| Family id: 4870148901
21:55:48|   Husband: Luke, 29-4-1901
21:55:48|   Wife: Evelyn, 8-6-2008
21:55:48|   Husband Parents: William and Violet
21:55:48|   Wife Parents: David and Luna
21:55:48|   Children: Penelope, Jayden
21:55:48| Family id: 4885221077
21:55:48|   Husband: Matthew, 14-7-1787
21:55:48|   Wife: Bella, 9-2-2005
21:55:48|   Husband Parents: Joshua and Mila
21:55:48|   Wife Parents: Thomas and Addison
21:55:48|   Children: Lillian, Anthony, Sofia
21:55:48| Family id: 4895417065
21:55:48|   Husband: Andrew, 28-9-1926
21:55:48|   Wife: Audrey, 6-9-1984
21:55:48|   Husband Parents: Owen and Grace
21:55:48|   Wife Parents: James and Ella
21:55:48|   Children: Amelia, Madison
21:55:48| Family id: 4846175221
21:55:48|   Husband: Luke, 18-2-1875
21:55:48|   Wife: Grace, 29-6-1861
21:55:48|   Husband Parents: Logan and Luna
21:55:48|   Wife Parents: Thomas and Ava
21:55:48|   Children: Grace
21:55:48| Family id: 4857427465
21:55:48|   Husband: Carter, 20-5-2017
21:55:48|   Wife: Aubrey, 20-9-1942
21:55:48|   Husband Parents: Isaac and Stella
21:55:48|   Wife Parents: Henry and Natalie
21:55:48|   Children: Ezra, Audrey
21:55:48| Family id: 4938558905
21:55:48|   Husband: Jackson, 20-4-1951
21:55:48|   Wife: Victoria, 18-8-1964
21:55:48|   Husband Parents: Leo and Harper
21:55:48|   Wife Parents: Joseph and Sophia
21:55:48|   Children: Chloe
21:55:48| Family id: 4948754893
21:55:48|   Husband: Michael, 26-1-1898
21:55:48|   Wife: Avery, 9-10-1903
21:55:48|   Husband Parents: Benjamin and Audrey
21:55:48|   Wife Parents: Jaxon and Lillian
21:55:48|   Children: Henry, Sebastian
21:55:48| Family id: 5020661065
21:55:48|   Husband: William, 25-12-1988
21:55:48|   Wife: Stella, 4-5-1784
21:55:48|   Husband Parents: None
21:55:48|   Wife Parents: None
21:55:48|   Children: Grayson
21:55:48| Family id: 5024496805
21:55:48|   Husband: Joseph, 1-1-1936
21:55:48|   Wife: Ellie, 27-11-1821
21:55:48|   Husband Parents: None
21:55:48|   Wife Parents: None
21:55:48|   Children: Wyatt, Joseph, Aiden
21:55:48| Family id: 5031897501
21:55:48|   Husband: Jaxon, 24-3-2001
21:55:48|   Wife: Leah, 26-6-1912
21:55:48|   Husband Parents: None
21:55:48|   Wife Parents: None
21:55:48|   Children: Sebastian
21:55:48| Family id: 4968632569
21:55:48|   Husband: Benjamin, 12-3-1852
21:55:48|   Wife: Madison, 16-2-1923
21:55:48|   Husband Parents: None
21:55:48|   Wife Parents: None
21:55:48|   Children: Everly, Emily, Eleanor
21:55:48| Family id: 4978820877
21:55:48|   Husband: Wyatt, 20-7-1971
21:55:48|   Wife: Lily, 4-9-1920
21:55:48|   Husband Parents: None
21:55:48|   Wife Parents: None
21:55:48|   Children: Theodore, Matthew, Riley
21:55:48| Family id: 4982656617
21:55:48|   Husband: Mason, 15-8-1819
21:55:48|   Wife: Addison, 6-8-1765
21:55:48|   Husband Parents: None
21:55:48|   Wife Parents: None
21:55:48|   Children: Amelia
21:55:48| Family id: 4990073633
21:55:48|   Husband: Asher, 1-1-1756
21:55:48|   Wife: Emma, 9-9-1979
21:55:48|   Husband Parents: None
21:55:48|   Wife Parents: None
21:55:48|   Children: Emilia
21:55:48| Family id: 4992852669
21:55:48|   Husband: Sebastian, 15-3-2016
21:55:48|   Wife: Zoey, 17-2-1793
21:55:48|   Husband Parents: None
21:55:48|   Wife Parents: None
21:55:48|   Children: Joseph, Christopher, Mila
21:55:48| Family id: 5075048493
21:55:48|   Husband: Luke, 6-9-1793
21:55:48|   Wife: Aurora, 9-9-1872
21:55:48|   Husband Parents: None
21:55:48|   Wife Parents: None
21:55:48|   Children: Henry, Ava
21:55:48| Family id: 5077828489
21:55:48|   Husband: Liam, 28-11-1845
21:55:48|   Wife: Lillian, 9-10-1851
21:55:48|   Husband Parents: None
21:55:48|   Wife Parents: None
21:55:48|   Children: Alexander
21:55:48| Family id: 5085236289
21:55:48|   Husband: Jack, 4-7-1894
21:55:48|   Wife: Charlotte, 1-5-1986
21:55:48|   Husband Parents: None
21:55:48|   Wife Parents: None
21:55:48|   Children: James, Levi
21:55:48| Family id: 5089081309
21:55:48|   Husband: Leo, 10-10-1959
21:55:48|   Wife: Hannah, 3-2-1804
21:55:48|   Husband Parents: None
21:55:48|   Wife Parents: None
21:55:48|   Children: Owen
21:55:48| Family id: 5099269105
21:55:48|   Husband: Luke, 2-10-1788
21:55:48|   Wife: Scarlett, 22-3-1970
21:55:48|   Husband Parents: None
21:55:48|   Wife Parents: None
21:55:48|   Children: Olivia
21:55:48| Family id: 5035994445
21:55:48|   Husband: Lincoln, 8-10-1818
21:55:48|   Wife: Abigail, 2-2-1868
21:55:48|   Husband Parents: None
21:55:48|   Wife Parents: None
21:55:48|   Children: Emilia, Hudson
21:55:48| Family id: 5043412485
21:55:48|   Husband: Mateo, 14-3-2002
21:55:48|   Wife: Camila, 14-8-1825
21:55:48|   Husband Parents: None
21:55:48|   Wife Parents: None
21:55:48|   Children: Leah, Jack
21:55:48| Family id: 5047239009
21:55:48|   Husband: Elijah, 11-8-1794
21:55:48|   Wife: Ava, 23-3-2007
21:55:48|   Husband Parents: None
21:55:48|   Wife Parents: None
21:55:48|   Children: Addison
21:55:48| Family id: 5065107053
21:55:48|   Husband: Jacob, 20-1-1781
21:55:48|   Wife: Bella, 27-12-1914
21:55:48|   Husband Parents: None
21:55:48|   Wife Parents: None
21:55:48|   Children: Noah, Benjamin, Daniel
21:55:48| Family id: 4866566601
21:55:48|   Husband: Jayden, 15-2-2014
21:55:48|   Wife: Abigail, 3-9-1759
21:55:48|   Husband Parents: None
21:55:48|   Wife Parents: None
21:55:48|   Children: Aubrey, Avery
21:55:48| Family id: 4873984641
21:55:48|   Husband: William, 4-8-1961
21:55:48|   Wife: Violet, 11-1-1873
21:55:48|   Husband Parents: None
21:55:48|   Wife Parents: None
21:55:48|   Children: Noah
21:55:48| Family id: 4877818909
21:55:48|   Husband: David, 24-3-1785
21:55:48|   Wife: Luna, 1-3-2003
21:55:48|   Husband Parents: None
21:55:48|   Wife Parents: None
21:55:48|   Children: Hazel, Anthony, Jacob
21:55:48| Family id: 4888014897
21:55:48|   Husband: Joshua, 23-7-1770
21:55:48|   Wife: Mila, 12-12-1858
21:55:48|   Husband Parents: None
21:55:48|   Wife Parents: None
21:55:48|   Children: William, Charlotte, Penelope
21:55:48| Family id: 4891851661
21:55:48|   Husband: Thomas, 26-11-1954
21:55:48|   Wife: Addison, 6-10-1848
21:55:48|   Husband Parents: None
21:55:48|   Wife Parents: None
21:55:48|   Children: Joseph, Jacob, Bella
21:55:48| Family id: 4832142405
21:55:48|   Husband: Owen, 18-7-1968
21:55:48|   Wife: Grace, 28-9-1971
21:55:48|   Husband Parents: None
21:55:48|   Wife Parents: None
21:55:48|   Children: Aubrey, Jacob
21:55:48| Family id: 4835979169
21:55:48|   Husband: James, 27-6-1758
21:55:48|   Wife: Ella, 30-1-1918
21:55:48|   Husband Parents: None
21:55:48|   Wife Parents: None
21:55:48|   Children: Carter, Aria, Sophia
21:55:48| Family id: 4850009425
21:55:48|   Husband: Logan, 6-2-1857
21:55:48|   Wife: Luna, 12-7-1838
21:55:48|   Husband Parents: None
21:55:48|   Wife Parents: None
21:55:48|   Children: Gabriel, Violet, Luke
21:55:48| Family id: 4853845165
21:55:48|   Husband: Thomas, 22-1-1967
21:55:48|   Wife: Ava, 29-10-1872
21:55:48|   Husband Parents: None
21:55:48|   Wife Parents: None
21:55:48|   Children: Luke, Chloe, Leah
21:55:48| Family id: 4860213605
21:55:48|   Husband: Isaac, 23-9-1986
21:55:48|   Wife: Stella, 29-5-1835
21:55:48|   Husband Parents: None
21:55:48|   Wife Parents: None
21:55:48|   Children: Hannah, Harper, Theodore
21:55:48| Family id: 4864041153
21:55:48|   Husband: Henry, 30-5-1968
21:55:48|   Wife: Natalie, 4-9-1781
21:55:48|   Husband Parents: None
21:55:48|   Wife Parents: None
21:55:48|   Children: Lily, Amelia, Aubrey
21:55:48| Family id: 4942403349
21:55:48|   Husband: Leo, 3-10-1768
21:55:48|   Wife: Harper, 11-5-1821
21:55:48|   Husband Parents: None
21:55:48|   Wife Parents: None
21:55:48|   Children: Joshua
21:55:48| Family id: 4945190513
21:55:48|   Husband: Joseph, 13-9-1868
21:55:48|   Wife: Sophia, 2-3-1983
21:55:48|   Husband Parents: None
21:55:48|   Wife Parents: None
21:55:48|   Children: Christopher
21:55:48| Family id: 4952591145
21:55:48|   Husband: Benjamin, 9-2-1757
21:55:48|   Wife: Audrey, 4-4-1963
21:55:48|   Husband Parents: None
21:55:48|   Wife Parents: None
21:55:48|   Children: Zoey, Madison
21:55:48| Family id: 4956435077
21:55:48|   Husband: Jaxon, 3-4-1870
21:55:48|   Wife: Lillian, 2-1-1829
21:55:48|   Husband Parents: None
21:55:48|   Wife Parents: None
21:55:48|   Children: Lincoln
21:55:48| 
21:55:48| Number of people                    : 448
21:55:48| Number of families                  : 63
21:55:48| Max generations                     : 6
21:55:48| People connected to starting family : 242
21:55:48| 
21:55:48| total_time                    : 54.71446
21:55:48| Generations                   : 6
21:55:48| People % Families / second    : 9.33940
21:55:48| 
21:55:48| STATS        Retrieved | Server details
21:55:48| People  :          448 |            448
21:55:48| Families:           63 |             63
21:55:48| API Calls            : 513
21:55:48| Max number of threads: 5
