18:48:04| Factory created: Chevrolet XL, 2001
18:48:04| Dealership sold: Chevrolet XL, 2001
18:48:04| Factory created: Mitsubishi F150, 1997
18:48:04| Dealership sold: Mitsubishi F150, 1997
18:48:04| Factory created: Kia SE, 2020
18:48:04| Dealership sold: Kia SE, 2020
18:48:04| Factory created: Toyota Viper, 1990
18:48:04| Dealership sold: Toyota Viper, 1990
18:48:04| Factory created: Volkswagen Grand, 1996
18:48:04| Factory created: Volvo Tall, 2022
18:48:04| Dealership sold: Volkswagen Grand, 1996
18:48:04| Factory created: Smart Round, 2007
18:48:04| Factory created: Mitsubishi GX, 2014
18:48:04| Factory created: Honda Town, 2011
18:48:04| Dealership sold: Volvo Tall, 2022
18:48:04| Factory created: Honda M1, 2020
18:48:04| Dealership sold: Smart Round, 2007
18:48:04| Factory created: Smart XL, 2015
18:48:04| Dealership sold: Mitsubishi GX, 2014
18:48:04| Dealership sold: Honda Town, 2011
18:48:04| Dealership sold: Honda M1, 2020
18:48:04| Factory created: Nissan M5, 2010
18:48:04| Factory created: Volvo SE, 2019
18:48:04| Dealership sold: Smart XL, 2015
18:48:04| Factory created: Mitsubishi Town, 2016
18:48:04| Dealership sold: Nissan M5, 2010
18:48:04| Dealership sold: Volvo SE, 2019
18:48:04| Factory created: Chrysler M1, 2022
18:48:04| Dealership sold: Mitsubishi Town, 2016
18:48:04| Factory created: Volkswagen Charger, 1993
18:48:04| Dealership sold: Chrysler M1, 2022
18:48:04| Dealership sold: Volkswagen Charger, 1993
18:48:04| Factory created: Nissan Titan, 2022
18:48:04| Dealership sold: Nissan Titan, 2022
18:48:04| Factory created: Fiat Super, 2022
18:48:04| Factory created: Fiat G35, 2022
18:48:04| Dealership sold: Fiat Super, 2022
18:48:04| Factory created: Lexus Round, 2005
18:48:04| Dealership sold: Fiat G35, 2022
18:48:04| Factory created: Chevrolet MM, 2023
18:48:04| Dealership sold: Lexus Round, 2005
18:48:04| Factory created: Mitsubishi G35, 1993
18:48:04| Factory created: Toyota Town, 1990
18:48:04| Dealership sold: Chevrolet MM, 2023
18:48:04| Factory created: Chevrolet Sport, 2011
18:48:04| Factory created: Subaru Ranger, 2017
18:48:04| Factory created: Toyota F150, 1996
18:48:04| Dealership sold: Mitsubishi G35, 1993
18:48:04| Dealership sold: Toyota Town, 1990
18:48:04| Dealership sold: Chevrolet Sport, 2011
18:48:04| Factory created: Honda MM, 2022
18:48:04| Factory created: Acura Tall, 1994
18:48:04| Factory created: Dodge Flat, 2018
18:48:04| Dealership sold: Subaru Ranger, 2017
18:48:04| Factory created: Mitsubishi SXE, 2021
18:48:04| Dealership sold: Toyota F150, 1996
18:48:04| Factory created: Buick RX, 2016
18:48:04| Dealership sold: Honda MM, 2022
18:48:04| Factory created: Nissan M5, 2006
18:48:04| Dealership sold: Acura Tall, 1994
18:48:04| Dealership sold: Dodge Flat, 2018
18:48:04| Dealership sold: Mitsubishi SXE, 2021
18:48:04| Factory created: Lexus RX, 1999
18:48:04| Dealership sold: Buick RX, 2016
18:48:04| Factory created: Ford GX, 2011
18:48:04| Dealership sold: Nissan M5, 2006
18:48:04| Factory created: Mitsubishi Sport, 1997
18:48:04| Dealership sold: Lexus RX, 1999
18:48:04| Dealership sold: Ford GX, 2011
18:48:04| Factory created: Buick F150, 2006
18:48:04| Dealership sold: Mitsubishi Sport, 1997
18:48:04| Factory created: Toyota G35, 2017
18:48:04| Factory created: Hyundai Super, 2021
18:48:04| Dealership sold: Buick F150, 2006
18:48:04| Dealership sold: Toyota G35, 2017
18:48:04| Factory created: Nissan Grand, 1994
18:48:04| Factory created: Dodge Sport, 2023
18:48:04| Dealership sold: Hyundai Super, 2021
18:48:04| Factory created: Hyundai F150, 2013
18:48:04| Factory created: Nissan Titan, 1995
18:48:04| Factory created: Volvo Ranger, 1994
18:48:04| Factory created: Smart M5, 2015
18:48:04| Dealership sold: Nissan Grand, 1994
18:48:04| Factory created: Smart Viper, 2018
18:48:04| Dealership sold: Dodge Sport, 2023
18:48:04| Factory created: Chevrolet M1X, 2014
18:48:04| Factory created: Subaru Ranger, 2005
18:48:04| Dealership sold: Hyundai F150, 2013
18:48:04| Factory created: Smart Viper, 1995
18:48:04| Dealership sold: Nissan Titan, 1995
18:48:04| Factory created: Acura A2, 2001
18:48:04| Factory created: Toyota SXE, 1999
18:48:04| Dealership sold: Volvo Ranger, 1994
18:48:04| Dealership sold: Smart M5, 2015
18:48:04| Factory created: Dodge XOX, 1991
18:48:04| Dealership sold: Smart Viper, 2018
18:48:04| Factory created: Mitsubishi GX, 2011
18:48:04| Dealership sold: Chevrolet M1X, 2014
18:48:04| Dealership sold: Subaru Ranger, 2005
18:48:04| Factory created: Nissan M1, 1993
18:48:04| Dealership sold: Smart Viper, 1995
18:48:04| Factory created: Hyundai XLS, 1996
18:48:04| Dealership sold: Acura A2, 2001
18:48:04| Dealership sold: Toyota SXE, 1999
18:48:04| Factory created: Chrysler A1, 2005
18:48:04| Dealership sold: Dodge XOX, 1991
18:48:04| Factory created: Infiniti M1, 2002
18:48:04| Dealership sold: Mitsubishi GX, 2011
18:48:04| Factory created: Chevrolet Town, 1995
18:48:04| Factory created: Volkswagen Middle, 2013
18:48:04| Dealership sold: Nissan M1, 1993
18:48:04| Factory created: Infiniti SXE, 2000
18:48:04| Dealership sold: Hyundai XLS, 1996
18:48:04| Dealership sold: Chrysler A1, 2005
18:48:04| Factory created: Subaru Tall, 2012
18:48:04| Dealership sold: Infiniti M1, 2002
18:48:04| Factory created: Acura A2, 2020
18:48:04| Dealership sold: Chevrolet Town, 1995
18:48:04| Factory created: Volkswagen GX, 2010
18:48:04| Dealership sold: Volkswagen Middle, 2013
18:48:04| Factory created: Lexus Super, 2022
18:48:04| Dealership sold: Infiniti SXE, 2000
18:48:04| Factory created: Infiniti XLS, 1994
18:48:04| Dealership sold: Subaru Tall, 2012
18:48:04| Factory created: Dodge Town, 2009
18:48:04| Dealership sold: Acura A2, 2020
18:48:04| Factory created: Lexus XOX, 2021
18:48:04| Factory created: Subaru A2, 1996
18:48:04| Factory created: Honda Ranger, 2013
18:48:04| Dealership sold: Volkswagen GX, 2010
18:48:04| Dealership sold: Lexus Super, 2022
18:48:04| Factory created: Chrysler XOX, 1995
18:48:04| Factory created: Toyota Super, 2002
18:48:04| Dealership sold: Infiniti XLS, 1994
18:48:05| Factory created: Hyundai M1X, 2003
18:48:05| Dealership sold: Dodge Town, 2009
18:48:05| Factory created: Buick M1, 2005
18:48:05| Dealership sold: Lexus XOX, 2021
18:48:05| Factory created: Ford XLS, 2018
18:48:05| Dealership sold: Subaru A2, 1996
18:48:05| Dealership sold: Honda Ranger, 2013
18:48:05| Factory created: Infiniti Sport, 2001
18:48:05| Dealership sold: Chrysler XOX, 1995
18:48:05| Factory created: Subaru MM, 1992
18:48:05| Factory created: Hyundai Charger, 2019
18:48:05| Dealership sold: Toyota Super, 2002
18:48:05| Dealership sold: Hyundai M1X, 2003
18:48:05| Dealership sold: Buick M1, 2005
18:48:05| Factory created: Nissan M1X, 2009
18:48:05| Factory created: Mazda Super, 2009
18:48:05| Dealership sold: Ford XLS, 2018
18:48:05| Factory created: Chevrolet XOX, 2018
18:48:05| Factory created: Jeep Round, 2021
18:48:05| Factory created: Smart M1X, 1991
18:48:05| Dealership sold: Infiniti Sport, 2001
18:48:05| Factory created: Lexus A1, 1994
18:48:05| Dealership sold: Subaru MM, 1992
18:48:05| Dealership sold: Hyundai Charger, 2019
18:48:05| Factory created: Nissan RX, 2007
18:48:05| Factory created: Hyundai SE, 2002
18:48:05| Dealership sold: Nissan M1X, 2009
18:48:05| Dealership sold: Mazda Super, 2009
18:48:05| Factory created: Subaru Viper, 1991
18:48:05| Dealership sold: Chevrolet XOX, 2018
18:48:05| Factory created: Infiniti GX, 1996
18:48:05| Factory created: Mazda M5, 2012
18:48:05| Factory created: Infiniti M1X, 2023
18:48:05| Factory created: Hyundai M1, 1995
18:48:05| Dealership sold: Jeep Round, 2021
18:48:05| Dealership sold: Smart M1X, 1991
18:48:05| Factory created: Mitsubishi SE, 2010
18:48:05| Dealership sold: Lexus A1, 1994
18:48:05| Dealership sold: Nissan RX, 2007
18:48:05| Factory created: Ford Flat, 2016
18:48:05| Factory created: Kia GX, 1994
18:48:05| Dealership sold: Hyundai SE, 2002
18:48:05| Dealership sold: Subaru Viper, 1991
18:48:05| Factory created: Chrysler XL, 2023
18:48:05| Dealership sold: Infiniti GX, 1996
18:48:05| Factory created: Buick RX, 2008
18:48:05| Factory created: Lexus Tall, 2022
18:48:05| Dealership sold: Mazda M5, 2012
18:48:05| Factory created: Nissan Middle, 2007
18:48:05| Dealership sold: Infiniti M1X, 2023
18:48:05| Factory created: Mitsubishi Town, 1994
18:48:05| Dealership sold: Hyundai M1, 1995
18:48:05| Dealership sold: Mitsubishi SE, 2010
18:48:05| Factory created: Mitsubishi XOX, 2018
18:48:05| Factory created: Subaru Ranger, 2013
18:48:05| Dealership sold: Ford Flat, 2016
18:48:05| Dealership sold: Kia GX, 1994
18:48:05| Factory created: Honda Super, 2002
18:48:05| Factory created: Nissan XOX, 1990
18:48:05| Factory created: Kia XLE, 2003
18:48:05| Dealership sold: Chrysler XL, 2023
18:48:05| Factory created: Buick Town, 2005
18:48:05| Dealership sold: Buick RX, 2008
18:48:05| Factory created: Kia Viper, 2013
18:48:05| Dealership sold: Lexus Tall, 2022
18:48:05| Factory created: Nissan Middle, 2017
18:48:05| Dealership sold: Nissan Middle, 2007
18:48:05| Factory created: Mazda GX, 2000
18:48:05| Dealership sold: Mitsubishi Town, 1994
18:48:05| Dealership sold: Mitsubishi XOX, 2018
18:48:05| Dealership sold: Subaru Ranger, 2013
18:48:05| Factory created: Kia F150, 1993
18:48:05| Factory created: Buick M1, 2018
18:48:05| Dealership sold: Honda Super, 2002
18:48:05| Dealership sold: Nissan XOX, 1990
18:48:05| Factory created: Chevrolet Sport, 1994
18:48:05| Dealership sold: Kia XLE, 2003
18:48:05| Factory created: Chevrolet Flat, 1996
18:48:05| Dealership sold: Buick Town, 2005
18:48:05| Factory created: Dodge Super, 1998
18:48:05| Factory created: Honda Charger, 2008
18:48:05| Dealership sold: Kia Viper, 2013
18:48:05| Factory created: Nissan Grand, 2016
18:48:05| Dealership sold: Nissan Middle, 2017
18:48:05| Factory created: Jeep RX, 2008
18:48:05| Dealership sold: Mazda GX, 2000
18:48:05| Dealership sold: Kia F150, 1993
18:48:05| Dealership sold: Buick M1, 2018
18:48:05| Factory created: Nissan M5, 2001
18:48:05| Dealership sold: Chevrolet Sport, 1994
18:48:05| Dealership sold: Chevrolet Flat, 1996
18:48:05| Factory created: Volkswagen Viper, 2015
18:48:05| Dealership sold: Dodge Super, 1998
18:48:05| Factory created: Jeep M1, 2005
18:48:05| Dealership sold: Honda Charger, 2008
18:48:05| Factory created: Ford F150, 2012
18:48:05| Factory created: Smart Grand, 2002
18:48:05| Dealership sold: Nissan Grand, 2016
18:48:05| Dealership sold: Jeep RX, 2008
18:48:05| Factory created: Subaru Ranger, 2013
18:48:05| Dealership sold: Nissan M5, 2001
18:48:05| Dealership sold: Volkswagen Viper, 2015
18:48:05| Factory created: Hyundai Tall, 2011
18:48:05| Dealership sold: Jeep M1, 2005
18:48:05| Factory created: Fiat XL, 1991
18:48:05| Factory created: Lexus A2, 1996
18:48:05| Dealership sold: Ford F150, 2012
18:48:05| Dealership sold: Smart Grand, 2002
18:48:05| Factory created: Hyundai Grand, 2002
18:48:05| Dealership sold: Subaru Ranger, 2013
18:48:05| Factory created: Mitsubishi Titan, 2022
18:48:05| Factory created: Toyota A1, 1999
18:48:05| Dealership sold: Hyundai Tall, 2011
18:48:05| Dealership sold: Fiat XL, 1991
18:48:05| Factory created: Toyota A2, 2009
18:48:05| Factory created: Chrysler M5, 2018
18:48:05| Dealership sold: Lexus A2, 1996
18:48:05| Factory created: Volkswagen SE, 2011
18:48:05| Dealership sold: Hyundai Grand, 2002
18:48:05| Factory created: Lexus Round, 2006
18:48:05| Dealership sold: Mitsubishi Titan, 2022
18:48:05| Factory created: Smart SE, 1990
18:48:05| Dealership sold: Toyota A1, 1999
18:48:05| Factory created: Chrysler M1X, 2022
18:48:05| Factory created: Mitsubishi GX, 2010
18:48:05| Dealership sold: Toyota A2, 2009
18:48:05| Factory created: Lexus Middle, 2011
18:48:05| Dealership sold: Chrysler M5, 2018
18:48:05| Dealership sold: Volkswagen SE, 2011
18:48:05| Dealership sold: Lexus Round, 2006
18:48:05| Factory created: Nissan XLS, 1994
18:48:05| Factory created: Mazda Super, 2020
18:48:05| Dealership sold: Smart SE, 1990
18:48:05| Factory created: Hyundai Charger, 1997
18:48:05| Factory created: Buick Super, 1999
18:48:05| Factory created: Fiat RX, 1994
18:48:05| Dealership sold: Chrysler M1X, 2022
18:48:05| Factory created: Mitsubishi Round, 2012
18:48:05| Factory created: Infiniti Titan, 1999
18:48:05| Dealership sold: Mitsubishi GX, 2010
18:48:05| Dealership sold: Lexus Middle, 2011
18:48:05| Factory created: Toyota M1, 2022
18:48:05| Dealership sold: Nissan XLS, 1994
18:48:05| Factory created: Mazda Ranger, 2022
18:48:05| Dealership sold: Mazda Super, 2020
18:48:05| Dealership sold: Hyundai Charger, 1997
18:48:05| Factory created: Jeep Round, 2017
18:48:05| Dealership sold: Buick Super, 1999
18:48:05| Dealership sold: Fiat RX, 1994
18:48:05| Dealership sold: Mitsubishi Round, 2012
18:48:05| Factory created: Jeep M1X, 2020
18:48:05| Factory created: Buick Charger, 2006
18:48:05| Factory created: Ford Sport, 1993
18:48:05| Dealership sold: Infiniti Titan, 1999
18:48:05| Factory created: Subaru M1, 2005
18:48:05| Factory created: Honda M5, 1995
18:48:05| Dealership sold: Toyota M1, 2022
18:48:05| Factory created: Infiniti XOX, 2011
18:48:05| Dealership sold: Mazda Ranger, 2022
18:48:05| Dealership sold: Jeep Round, 2017
18:48:05| Factory created: Infiniti Super, 2016
18:48:05| Factory created: Jeep Sport, 1998
18:48:05| Dealership sold: Jeep M1X, 2020
18:48:05| Dealership sold: Buick Charger, 2006
18:48:05| Factory created: Kia Super, 1994
18:48:05| Factory created: Dodge Ranger, 2010
18:48:05| Dealership sold: Ford Sport, 1993
18:48:05| Factory created: Ford Super, 2003
18:48:05| Dealership sold: Subaru M1, 2005
18:48:05| Factory created: Nissan Super, 2023
18:48:05| Dealership sold: Honda M5, 1995
18:48:05| Factory created: Lexus Town, 2000
18:48:05| Dealership sold: Infiniti XOX, 2011
18:48:05| Factory created: Kia G35, 2010
18:48:05| Dealership sold: Infiniti Super, 2016
18:48:05| Factory created: Jeep SE, 1997
18:48:05| Dealership sold: Jeep Sport, 1998
18:48:05| Factory created: Acura MM, 2015
18:48:05| Factory created: Ford XOX, 1993
18:48:05| Dealership sold: Kia Super, 1994
18:48:05| Dealership sold: Dodge Ranger, 2010
18:48:05| Dealership sold: Ford Super, 2003
18:48:05| Dealership sold: Nissan Super, 2023
18:48:05| Factory created: Mazda Titan, 2005
18:48:05| Factory created: Kia Town, 2022
18:48:05| Dealership sold: Lexus Town, 2000
18:48:05| Factory created: Volkswagen GX, 2014
18:48:05| Dealership sold: Kia G35, 2010
18:48:05| Factory created: Hyundai A2, 2008
18:48:05| Factory created: Kia Town, 2016
18:48:05| Dealership sold: Jeep SE, 1997
18:48:05| Factory created: Nissan SE, 2008
18:48:05| Factory created: Honda Town, 2000
18:48:05| Factory created: Chevrolet SE, 2013
18:48:05| Dealership sold: Acura MM, 2015
18:48:05| Dealership sold: Ford XOX, 1993
18:48:06| Dealership sold: Mazda Titan, 2005
18:48:06| Factory created: Volvo Charger, 2006
18:48:06| Dealership sold: Kia Town, 2022
18:48:06| Dealership sold: Volkswagen GX, 2014
18:48:06| Dealership sold: Hyundai A2, 2008
18:48:06| Factory created: Nissan Ranger, 2014
18:48:06| Factory created: Toyota RX, 2021
18:48:06| Factory created: Subaru Ranger, 2002
18:48:06| Dealership sold: Kia Town, 2016
18:48:06| Factory created: Jeep Super, 2022
18:48:06| Dealership sold: Nissan SE, 2008
18:48:06| Factory created: Infiniti Titan, 2021
18:48:06| Factory created: Dodge SE, 1998
18:48:06| Dealership sold: Honda Town, 2000
18:48:06| Factory created: Volvo SXE, 2014
18:48:06| Dealership sold: Chevrolet SE, 2013
18:48:06| Dealership sold: Volvo Charger, 2006
18:48:06| Factory created: Lexus SXE, 2020
18:48:06| Dealership sold: Nissan Ranger, 2014
18:48:06| Factory created: Dodge Ranger, 2008
18:48:06| Dealership sold: Toyota RX, 2021
18:48:06| Dealership sold: Subaru Ranger, 2002
18:48:06| Factory created: Hyundai XLE, 2011
18:48:06| Dealership sold: Jeep Super, 2022
18:48:06| Dealership sold: Infiniti Titan, 2021
18:48:06| Factory created: Dodge XLE, 2002
18:48:06| Factory created: Ford SXE, 2016
18:48:06| Dealership sold: Dodge SE, 1998
18:48:06| Factory created: Hyundai SXE, 2011
18:48:06| Dealership sold: Volvo SXE, 2014
18:48:06| Factory created: Kia MM, 2006
18:48:06| Dealership sold: Lexus SXE, 2020
18:48:06| Factory created: Acura Super, 2012
18:48:06| Factory created: Chrysler A1, 2012
18:48:06| Dealership sold: Dodge Ranger, 2008
18:48:06| Dealership sold: Hyundai XLE, 2011
18:48:06| Dealership sold: Dodge XLE, 2002
18:48:06| Dealership sold: Ford SXE, 2016
18:48:06| Factory created: Fiat XLS, 2004
18:48:06| Dealership sold: Hyundai SXE, 2011
18:48:06| Dealership sold: Kia MM, 2006
18:48:06| Factory created: Chrysler M1, 1996
18:48:06| Factory created: Honda XOX, 2005
18:48:06| Dealership sold: Acura Super, 2012
18:48:06| Factory created: Toyota Charger, 2000
18:48:06| Dealership sold: Chrysler A1, 2012
18:48:06| Dealership sold: Fiat XLS, 2004
18:48:06| Factory created: Buick Viper, 1999
18:48:06| Dealership sold: Chrysler M1, 1996
18:48:06| Factory created: Hyundai Ranger, 2005
18:48:06| Dealership sold: Honda XOX, 2005
18:48:06| Factory created: Lexus Tall, 2017
18:48:06| Dealership sold: Toyota Charger, 2000
18:48:06| Dealership sold: Buick Viper, 1999
18:48:06| Factory created: Subaru Tall, 2002
18:48:06| Factory created: Infiniti GX, 2014
18:48:06| Factory created: Mazda Grand, 1994
18:48:06| Dealership sold: Hyundai Ranger, 2005
18:48:06| Dealership sold: Lexus Tall, 2017
18:48:06| Factory created: Chevrolet Sport, 2011
18:48:06| Dealership sold: Subaru Tall, 2002
18:48:06| Factory created: Chrysler Town, 2018
18:48:06| Factory created: Kia Viper, 2016
18:48:06| Dealership sold: Infiniti GX, 2014
18:48:06| Factory created: Volvo Sport, 2011
18:48:06| Dealership sold: Mazda Grand, 1994
18:48:06| Dealership sold: Chevrolet Sport, 2011
18:48:06| Dealership sold: Chrysler Town, 2018
18:48:06| Factory created: Infiniti Grand, 2019
18:48:06| Dealership sold: Kia Viper, 2016
18:48:06| Dealership sold: Volvo Sport, 2011
18:48:06| Factory created: Dodge Middle, 2000
18:48:06| Factory created: Lexus Grand, 2003
18:48:06| Dealership sold: Infiniti Grand, 2019
18:48:06| Factory created: Toyota A1, 2013
18:48:06| Dealership sold: Dodge Middle, 2000
18:48:06| Dealership sold: Lexus Grand, 2003
18:48:06| Factory created: Mazda Town, 2023
18:48:06| Factory created: Volkswagen M1X, 2007
18:48:06| Dealership sold: Toyota A1, 2013
18:48:06| Dealership sold: Mazda Town, 2023
18:48:06| Factory created: Kia Sport, 1992
18:48:06| Factory created: Volvo Grand, 2011
18:48:06| Dealership sold: Volkswagen M1X, 2007
18:48:06| Dealership sold: Kia Sport, 1992
18:48:06| Factory created: Volvo A2, 1996
18:48:06| Dealership sold: Volvo Grand, 2011
18:48:06| Factory created: Mazda M1X, 1991
18:48:06| Dealership sold: Volvo A2, 1996
18:48:06| Dealership sold: Mazda M1X, 1991
18:48:06| Factory created: Jeep G35, 1993
18:48:06| Dealership sold: Jeep G35, 1993
18:48:06| Factory created: Volkswagen Charger, 1991
18:48:06| Dealership sold: Volkswagen Charger, 1991
18:48:06| Factory created: Hyundai Round, 2005
18:48:06| Dealership sold: Hyundai Round, 2005
18:48:06| Factory created: Volvo Round, 2003
18:48:06| Factory created: Volvo Tall, 2013
18:48:06| Dealership sold: Volvo Round, 2003
18:48:06| Dealership sold: Volvo Tall, 2013
18:48:06| Factory created: Acura F150, 2021
18:48:06| Dealership sold: Acura F150, 2021
18:48:06| Factory created: Chrysler F150, 2010
18:48:06| Dealership sold: Chrysler F150, 2010
18:48:06| Factory created: Jeep Viper, 2013
18:48:06| Factory created: Mitsubishi G35, 2008
18:48:06| Factory created: Mazda Flat, 2002
18:48:06| Dealership sold: Jeep Viper, 2013
18:48:06| Factory created: Toyota Middle, 2016
18:48:06| Dealership sold: Mitsubishi G35, 2008
18:48:06| Factory created: Mazda XL, 2002
18:48:06| Dealership sold: Mazda Flat, 2002
18:48:06| Dealership sold: Toyota Middle, 2016
18:48:06| Factory created: Fiat GX, 2010
18:48:06| Dealership sold: Mazda XL, 2002
18:48:06| Factory created: Volkswagen Flat, 2013
18:48:06| Dealership sold: Fiat GX, 2010
18:48:06| Dealership sold: Volkswagen Flat, 2013
18:48:06| Factory created: Buick XL, 1999
18:48:06| Dealership sold: Buick XL, 1999
18:48:06| Factory created: Toyota XOX, 1997
18:48:06| Dealership sold: Toyota XOX, 1997
18:48:06| Factory created: Chevrolet MM, 1991
18:48:06| Dealership sold: Chevrolet MM, 1991
18:48:06| Factory created: Buick Town, 1993
18:48:06| Dealership sold: Buick Town, 1993
18:48:06| Factory created: Lexus SXE, 2008
18:48:06| Dealership sold: Lexus SXE, 2008
18:48:06| Factory created: Jeep F150, 1994
18:48:06| Dealership sold: Jeep F150, 1994
18:48:06| Factory created: Hyundai Super, 2006
18:48:06| Dealership sold: Hyundai Super, 2006
18:48:06| Factory created: Volvo M1, 1997
18:48:06| Dealership sold: Volvo M1, 1997
18:48:06| Factory created: Infiniti M1X, 1990
18:48:06| Dealership sold: Infiniti M1X, 1990
18:48:06| Factory created: Fiat M1, 2007
18:48:06| Dealership sold: Fiat M1, 2007
18:48:06| Factory created: Toyota Round, 2004
18:48:06| Factory created: Chrysler Grand, 2023
18:48:06| Dealership sold: Toyota Round, 2004
18:48:06| Dealership sold: Chrysler Grand, 2023
18:48:06| Factory created: Jeep XL, 2023
18:48:06| Dealership sold: Jeep XL, 2023
18:48:06| Factory created: Jeep A2, 1990
18:48:06| Dealership sold: Jeep A2, 1990
18:48:06| Factory created: Hyundai SXE, 2011
18:48:06| Dealership sold: Hyundai SXE, 2011
18:48:06| Factory created: Honda F150, 2023
18:48:06| Dealership sold: Honda F150, 2023
18:48:06| Factory created: Infiniti M1, 2012
18:48:06| Dealership sold: Infiniti M1, 2012
18:48:06| Factory created: Volkswagen M1X, 2020
18:48:06| Dealership sold: Volkswagen M1X, 2020
18:48:06| Factory created: Hyundai XLE, 2018
18:48:06| Dealership sold: Hyundai XLE, 2018
18:48:06| Factory created: Chrysler SE, 2022
18:48:06| Factory created: Dodge Charger, 2006
18:48:06| Dealership sold: Chrysler SE, 2022
18:48:06| Dealership sold: Dodge Charger, 2006
18:48:06| Factory created: Chrysler Ranger, 2012
18:48:06| Dealership sold: Chrysler Ranger, 2012
18:48:06| Factory created: Fiat M5, 2002
18:48:06| Dealership sold: Fiat M5, 2002
18:48:06| Factory created: Dodge XL, 2016
18:48:06| Dealership sold: Dodge XL, 2016
18:48:06| Factory created: Kia A2, 2008
18:48:06| Factory created: Volvo A1, 2007
18:48:06| Dealership sold: Kia A2, 2008
18:48:06| Factory created: Infiniti GX, 2015
18:48:06| Dealership sold: Volvo A1, 2007
18:48:06| Factory created: Jeep XLS, 2012
18:48:06| Dealership sold: Infiniti GX, 2015
18:48:06| Factory created: Volvo M1, 2002
18:48:06| Dealership sold: Jeep XLS, 2012
18:48:06| Factory created: Jeep GX, 1990
18:48:06| Dealership sold: Volvo M1, 2002
18:48:06| Factory created: Dodge Sport, 2020
18:48:06| Dealership sold: Jeep GX, 1990
18:48:06| Dealership sold: Dodge Sport, 2020
18:48:06| Factory created: Subaru Tall, 2004
18:48:06| Dealership sold: Subaru Tall, 2004
18:48:06| Factory created: Mazda A2, 1995
18:48:06| Dealership sold: Mazda A2, 1995
18:48:06| Factory created: Volkswagen MM, 2020
18:48:06| Dealership sold: Volkswagen MM, 2020
18:48:06| Factory created: Hyundai M1, 2008
18:48:07| Dealership sold: Hyundai M1, 2008
18:48:07| Factory created: Chevrolet Sport, 2005
18:48:07| Dealership sold: Chevrolet Sport, 2005
18:48:07| Factory created: Hyundai XLE, 2011
18:48:07| Dealership sold: Hyundai XLE, 2011
18:48:07| Factory created: Infiniti SXE, 2022
18:48:07| Dealership sold: Infiniti SXE, 2022
18:48:07| Factory created: Hyundai XOX, 2012
18:48:07| Dealership sold: Hyundai XOX, 2012
18:48:07| Factory created: Dodge M1X, 2003
18:48:07| Dealership sold: Dodge M1X, 2003
18:48:07| Factory created: Hyundai Grand, 1997
18:48:07| Dealership sold: Hyundai Grand, 1997
18:48:07| Factory created: Mitsubishi Sport, 2015
18:48:07| Dealership sold: Mitsubishi Sport, 2015
18:48:07| Factory created: Kia Town, 1998
18:48:07| Dealership sold: Kia Town, 1998
18:48:07| Factory created: Toyota Middle, 2016
18:48:07| Dealership sold: Toyota Middle, 2016
18:48:07| Factory created: Kia A2, 2019
18:48:07| Dealership sold: Kia A2, 2019
18:48:07| Factory created: Acura M1, 2010
18:48:07| Dealership sold: Acura M1, 2010
18:48:07| Factory created: Smart Titan, 2015
18:48:07| Dealership sold: Smart Titan, 2015
18:48:07| Factory created: Chrysler F150, 1995
18:48:07| Dealership sold: Chrysler F150, 1995
18:48:07| Factory created: Chrysler MM, 2023
18:48:07| Dealership sold: Chrysler MM, 2023
18:48:07| Factory created: Buick Sport, 2013
18:48:07| Dealership sold: Buick Sport, 2013
18:48:07| Factory created: Chevrolet GX, 2010
18:48:07| Dealership sold: Chevrolet GX, 2010
18:48:07| Factory created: Nissan XLS, 2017
18:48:07| Factory created: Volvo XL, 1994
18:48:07| Dealership sold: Nissan XLS, 2017
18:48:07| Factory created: Lexus XL, 2022
18:48:07| Dealership sold: Volvo XL, 1994
18:48:07| Factory created: Chrysler Charger, 2022
18:48:07| Dealership sold: Lexus XL, 2022
18:48:07| Factory created: Lexus A2, 2023
18:48:07| Factory created: Acura G35, 2013
18:48:07| Dealership sold: Chrysler Charger, 2022
18:48:07| Factory created: Subaru XLE, 2021
18:48:07| Dealership sold: Lexus A2, 2023
18:48:07| Dealership sold: Acura G35, 2013
18:48:07| Factory created: Ford GX, 2003
18:48:07| Dealership sold: Subaru XLE, 2021
18:48:07| Dealership sold: Ford GX, 2003
18:48:07| Factory created: Honda A1, 1997
18:48:07| Dealership sold: Honda A1, 1997
18:48:07| Factory created: Chevrolet Super, 1992
18:48:07| Dealership sold: Chevrolet Super, 1992
18:48:07| Factory created: Jeep Town, 2010
18:48:07| Dealership sold: Jeep Town, 2010
18:48:07| Factory created: Ford Middle, 1993
18:48:07| Dealership sold: Ford Middle, 1993
18:48:07| Factory created: Ford Sport, 2023
18:48:07| Dealership sold: Ford Sport, 2023
18:48:07| Factory created: Infiniti A2, 2003
18:48:07| Dealership sold: Infiniti A2, 2003
18:48:07| Factory created: Toyota Sport, 2015
18:48:07| Dealership sold: Toyota Sport, 2015
18:48:07| Factory created: Hyundai M5, 2021
18:48:07| Dealership sold: Hyundai M5, 2021
18:48:07| Factory created: Mazda F150, 2006
18:48:07| Factory created: Infiniti Charger, 2005
18:48:07| Dealership sold: Mazda F150, 2006
18:48:07| Factory created: Volvo A2, 2022
18:48:07| Factory created: Smart RX, 1992
18:48:07| Dealership sold: Infiniti Charger, 2005
18:48:07| Factory created: Chevrolet SE, 1991
18:48:07| Dealership sold: Volvo A2, 2022
18:48:07| Factory created: Fiat SXE, 2006
18:48:07| Factory created: Chevrolet G35, 2023
18:48:07| Factory created: Hyundai XL, 2019
18:48:07| Dealership sold: Smart RX, 1992
18:48:07| Dealership sold: Chevrolet SE, 1991
18:48:07| Dealership sold: Fiat SXE, 2006
18:48:07| Factory created: Honda SE, 1997
18:48:07| Dealership sold: Chevrolet G35, 2023
18:48:07| Factory created: Toyota RX, 2022
18:48:07| Dealership sold: Hyundai XL, 2019
18:48:07| Factory created: Acura Grand, 2019
18:48:07| Dealership sold: Honda SE, 1997
18:48:07| Dealership sold: Toyota RX, 2022
18:48:07| Factory created: Fiat M1X, 2016
18:48:07| Dealership sold: Acura Grand, 2019
18:48:07| Factory created: Volkswagen A1, 2009
18:48:07| Dealership sold: Fiat M1X, 2016
18:48:07| Factory created: Mitsubishi M5, 2012
18:48:07| Factory created: Subaru XL, 2021
18:48:07| Dealership sold: Volkswagen A1, 2009
18:48:07| Factory created: Kia Titan, 2016
18:48:07| Dealership sold: Mitsubishi M5, 2012
18:48:07| Dealership sold: Subaru XL, 2021
18:48:07| Factory created: Smart Round, 2011
18:48:07| Factory created: Nissan A1, 1995
18:48:07| Dealership sold: Kia Titan, 2016
18:48:07| Factory created: Dodge A2, 2008
18:48:07| Factory created: Chevrolet Tall, 2001
18:48:07| Dealership sold: Smart Round, 2011
18:48:07| Dealership sold: Nissan A1, 1995
18:48:07| Factory created: Kia A1, 2004
18:48:07| Dealership sold: Dodge A2, 2008
18:48:07| Factory created: Volvo RX, 1998
18:48:07| Dealership sold: Chevrolet Tall, 2001
18:48:07| Factory created: Kia RX, 2015
18:48:07| Factory created: Chrysler Tall, 2013
18:48:07| Factory created: Ford Titan, 2004
18:48:07| Dealership sold: Kia A1, 2004
18:48:07| Dealership sold: Volvo RX, 1998
18:48:07| Factory created: Mazda Flat, 2006
18:48:07| Factory created: Buick XOX, 1991
18:48:07| Dealership sold: Kia RX, 2015
18:48:07| Factory created: Toyota G35, 2022
18:48:07| Dealership sold: Chrysler Tall, 2013
18:48:07| Dealership sold: Ford Titan, 2004
18:48:07| Factory created: Subaru Round, 2002
18:48:07| Dealership sold: Mazda Flat, 2006
18:48:07| Factory created: Mazda XOX, 2008
18:48:07| Dealership sold: Buick XOX, 1991
18:48:07| Factory created: Hyundai M1X, 1990
18:48:07| Factory created: Toyota Titan, 2003
18:48:07| Dealership sold: Toyota G35, 2022
18:48:07| Dealership sold: Subaru Round, 2002
18:48:07| Dealership sold: Mazda XOX, 2008
18:48:07| Factory created: Smart Super, 2015
18:48:07| Factory created: Mazda XL, 2019
18:48:07| Dealership sold: Hyundai M1X, 1990
18:48:07| Factory created: Lexus Titan, 2004
18:48:07| Dealership sold: Toyota Titan, 2003
18:48:07| Factory created: Jeep M5, 2022
18:48:07| Dealership sold: Smart Super, 2015
18:48:07| Dealership sold: Mazda XL, 2019
18:48:07| Dealership sold: Lexus Titan, 2004
18:48:07| Factory created: Mazda M1, 2005
18:48:07| Dealership sold: Jeep M5, 2022
18:48:07| Factory created: Buick A1, 2000
18:48:07| Factory created: Toyota Round, 2017
18:48:07| Dealership sold: Mazda M1, 2005
18:48:07| Factory created: Nissan Viper, 2020
18:48:07| Dealership sold: Buick A1, 2000
18:48:07| Factory created: Jeep XLS, 2010
18:48:07| Dealership sold: Toyota Round, 2017
18:48:07| Factory created: Nissan Flat, 2020
18:48:07| Dealership sold: Nissan Viper, 2020
18:48:07| Factory created: Fiat SE, 1997
18:48:07| Dealership sold: Jeep XLS, 2010
18:48:07| Factory created: Infiniti MM, 2015
18:48:07| Dealership sold: Nissan Flat, 2020
18:48:07| Factory created: Volkswagen M5, 2007
18:48:07| Dealership sold: Fiat SE, 1997
18:48:07| Factory created: Smart M1X, 2019
18:48:07| Factory created: Volkswagen A1, 1993
18:48:07| Dealership sold: Infiniti MM, 2015
18:48:07| Factory created: Honda GX, 2005
18:48:07| Dealership sold: Volkswagen M5, 2007
18:48:07| Factory created: Kia Super, 2021
18:48:07| Dealership sold: Smart M1X, 2019
18:48:07| Dealership sold: Volkswagen A1, 1993
18:48:07| Factory created: Mitsubishi Titan, 2010
18:48:07| Dealership sold: Honda GX, 2005
18:48:07| Factory created: Infiniti A1, 2009
18:48:07| Dealership sold: Kia Super, 2021
18:48:07| Factory created: Hyundai XL, 2018
18:48:07| Factory created: Buick Viper, 2018
18:48:07| Dealership sold: Mitsubishi Titan, 2010
18:48:07| Dealership sold: Infiniti A1, 2009
18:48:07| Factory created: Mitsubishi GX, 2010
18:48:07| Dealership sold: Hyundai XL, 2018
18:48:07| Dealership sold: Buick Viper, 2018
18:48:07| Dealership sold: Mitsubishi GX, 2010
18:48:08| Factory created: Honda F150, 2004
18:48:08| Dealership sold: Honda F150, 2004
18:48:08| Factory created: Honda M1X, 1991
18:48:08| Dealership sold: Honda M1X, 1991
18:48:08| Factory created: Mitsubishi MM, 2022
18:48:08| Dealership sold: Mitsubishi MM, 2022
18:48:08| Factory created: Volvo Flat, 2019
18:48:08| Dealership sold: Volvo Flat, 2019
18:48:08| Factory created: Subaru Viper, 2000
18:48:08| Dealership sold: Subaru Viper, 2000
18:48:08| Factory created: Volkswagen Grand, 2007
18:48:08| Dealership sold: Volkswagen Grand, 2007
18:48:08| Factory created: Buick Sport, 2019
18:48:08| Dealership sold: Buick Sport, 2019
18:48:08| Factory created: Dodge Flat, 2003
18:48:08| Factory created: Volvo XLS, 1994
18:48:08| Dealership sold: Dodge Flat, 2003
18:48:08| Factory created: Smart M1X, 1997
18:48:08| Factory created: Mazda A2, 2001
18:48:08| Factory created: Subaru Charger, 1999
18:48:08| Dealership sold: Volvo XLS, 1994
18:48:08| Dealership sold: Smart M1X, 1997
18:48:08| Factory created: Nissan G35, 1996
18:48:08| Dealership sold: Mazda A2, 2001
18:48:08| Dealership sold: Subaru Charger, 1999
18:48:08| Dealership sold: Nissan G35, 1996
18:48:08| Factory created: Chrysler M1X, 2014
18:48:08| Dealership sold: Chrysler M1X, 2014
18:48:08| Factory created: Ford A1, 1992
18:48:08| Dealership sold: Ford A1, 1992
18:48:08| Factory created: Infiniti Middle, 2006
18:48:08| Dealership sold: Infiniti Middle, 2006
18:48:08| Factory created: Hyundai XLS, 1990
18:48:08| Factory created: Smart MM, 1997
18:48:08| Dealership sold: Hyundai XLS, 1990
18:48:08| Dealership sold: Smart MM, 1997
18:48:08| Factory created: Lexus A1, 2008
18:48:08| Dealership sold: Lexus A1, 2008
18:48:08| Factory created: Chrysler XL, 1999
18:48:08| Dealership sold: Chrysler XL, 1999
18:48:08| Factory created: Infiniti Ranger, 2008
18:48:08| Dealership sold: Infiniti Ranger, 2008
18:48:08| Factory created: Volvo SE, 2001
18:48:08| Dealership sold: Volvo SE, 2001
18:48:08| Factory created: Ford Grand, 2011
18:48:08| Factory created: Subaru SE, 2001
18:48:08| Dealership sold: Ford Grand, 2011
18:48:08| Dealership sold: Subaru SE, 2001
18:48:08| Factory created: Toyota A2, 2008
18:48:08| Dealership sold: Toyota A2, 2008
18:48:08| Factory created: Nissan Middle, 1992
18:48:08| Dealership sold: Nissan Middle, 1992
18:48:08| Factory created: Chevrolet Titan, 1998
18:48:08| Dealership sold: Chevrolet Titan, 1998
18:48:08| Factory created: Buick G35, 2010
18:48:08| Dealership sold: Buick G35, 2010
18:48:08| Factory created: Chrysler XOX, 1990
18:48:08| Dealership sold: Chrysler XOX, 1990
18:48:08| Factory created: Mazda Sport, 1995
18:48:08| Dealership sold: Mazda Sport, 1995
18:48:08| Factory created: Smart A2, 2001
18:48:08| Dealership sold: Smart A2, 2001
18:48:08| Factory created: Buick XL, 1990
18:48:08| Dealership sold: Buick XL, 1990
18:48:08| Factory created: Jeep Sport, 2017
18:48:08| Dealership sold: Jeep Sport, 2017
18:48:08| Factory created: Infiniti GX, 2002
18:48:08| Factory created: Subaru Viper, 1993
18:48:08| Dealership sold: Infiniti GX, 2002
18:48:08| Dealership sold: Subaru Viper, 1993
18:48:08| Factory created: Chrysler Round, 2004
18:48:08| Dealership sold: Chrysler Round, 2004
18:48:08| Factory created: Jeep Grand, 2012
18:48:08| Dealership sold: Jeep Grand, 2012
18:48:08| Factory created: Chrysler Grand, 2023
18:48:08| Dealership sold: Chrysler Grand, 2023
18:48:08| Factory created: Ford XL, 2012
18:48:08| Dealership sold: Ford XL, 2012
18:48:08| Factory created: Chrysler Viper, 2006
18:48:08| Dealership sold: Chrysler Viper, 2006
18:48:08| Factory created: Chevrolet Flat, 1993
18:48:08| Dealership sold: Chevrolet Flat, 1993
18:48:08| Factory created: Buick Grand, 2005
18:48:08| Factory created: Lexus Ranger, 2020
18:48:08| Factory created: Mitsubishi A2, 2010
18:48:08| Dealership sold: Buick Grand, 2005
18:48:08| Factory created: Lexus Ranger, 2005
18:48:08| Dealership sold: Lexus Ranger, 2020
18:48:08| Dealership sold: Mitsubishi A2, 2010
18:48:08| Factory created: Toyota Middle, 2021
18:48:08| Factory created: Mitsubishi SXE, 2005
18:48:08| Dealership sold: Lexus Ranger, 2005
18:48:08| Factory created: Smart Sport, 2019
18:48:08| Factory created: Chevrolet M5, 1999
18:48:08| Factory created: Ford M5, 2021
18:48:08| Dealership sold: Toyota Middle, 2021
18:48:08| Dealership sold: Mitsubishi SXE, 2005
18:48:08| Factory created: Smart XLE, 1992
18:48:08| Factory created: Honda Ranger, 1996
18:48:08| Dealership sold: Smart Sport, 2019
18:48:08| Dealership sold: Chevrolet M5, 1999
18:48:08| Factory created: Dodge Town, 1996
18:48:08| Factory created: Volvo Middle, 1991
18:48:08| Dealership sold: Ford M5, 2021
18:48:08| Dealership sold: Smart XLE, 1992
18:48:08| Factory created: Buick F150, 2015
18:48:08| Factory created: Mazda F150, 1995
18:48:08| Dealership sold: Honda Ranger, 1996
18:48:08| Factory created: Dodge M1, 2007
18:48:08| Factory created: Smart Round, 2020
18:48:08| Factory created: Kia MM, 1994
18:48:08| Dealership sold: Dodge Town, 1996
18:48:08| Factory created: Nissan A1, 2003
18:48:08| Factory created: Buick A2, 1995
18:48:08| Dealership sold: Volvo Middle, 1991
18:48:08| Dealership sold: Buick F150, 2015
18:48:08| Factory created: Volvo XOX, 2005
18:48:08| Dealership sold: Mazda F150, 1995
18:48:08| Factory created: Mitsubishi Sport, 1990
18:48:08| Factory created: Ford A2, 2023
18:48:08| Dealership sold: Dodge M1, 2007
18:48:08| Factory created: Jeep G35, 2018
18:48:08| Dealership sold: Smart Round, 2020
18:48:08| Factory created: Infiniti MM, 2021
18:48:08| Dealership sold: Kia MM, 1994
18:48:08| Dealership sold: Nissan A1, 2003
18:48:08| Factory created: Dodge Round, 1993
18:48:08| Factory created: Chevrolet F150, 2005
18:48:08| Dealership sold: Buick A2, 1995
18:48:08| Factory created: Hyundai Flat, 2010
18:48:08| Dealership sold: Volvo XOX, 2005
18:48:08| Dealership sold: Mitsubishi Sport, 1990
18:48:08| Factory created: Smart SE, 1998
18:48:08| Dealership sold: Ford A2, 2023
18:48:08| Factory created: Dodge XLS, 1999
18:48:08| Dealership sold: Jeep G35, 2018
18:48:08| Dealership sold: Infiniti MM, 2021
18:48:08| Factory created: Volvo A2, 2014
18:48:08| Factory created: Ford F150, 2019
18:48:08| Factory created: Chevrolet M5, 1990
18:48:08| Dealership sold: Dodge Round, 1993
18:48:08| Dealership sold: Chevrolet F150, 2005
18:48:08| Factory created: Hyundai XLS, 1990
18:48:08| Dealership sold: Hyundai Flat, 2010
18:48:08| Factory created: Acura M5, 2004
18:48:08| Dealership sold: Smart SE, 1998
18:48:08| Dealership sold: Dodge XLS, 1999
18:48:08| Dealership sold: Volvo A2, 2014
18:48:08| Factory created: Smart Town, 2003
18:48:08| Dealership sold: Ford F150, 2019
18:48:08| Dealership sold: Chevrolet M5, 1990
18:48:08| Factory created: Subaru XLS, 1995
18:48:08| Dealership sold: Hyundai XLS, 1990
18:48:08| Factory created: Hyundai Super, 1990
18:48:08| Factory created: Hyundai XLS, 2018
18:48:08| Dealership sold: Acura M5, 2004
18:48:08| Factory created: Acura F150, 1990
18:48:08| Factory created: Hyundai GX, 2003
18:48:08| Dealership sold: Smart Town, 2003
18:48:08| Factory created: Honda XOX, 2020
18:48:08| Factory created: Honda Tall, 2003
18:48:08| Dealership sold: Subaru XLS, 1995
18:48:08| Factory created: Dodge A2, 2007
18:48:08| Dealership sold: Hyundai Super, 1990
18:48:08| Dealership sold: Hyundai XLS, 2018
18:48:08| Factory created: Mazda Super, 1996
18:48:08| Dealership sold: Acura F150, 1990
18:48:08| Factory created: Buick A1, 2013
18:48:08| Dealership sold: Hyundai GX, 2003
18:48:08| Factory created: Infiniti Titan, 2009
18:48:08| Factory created: Acura Middle, 2004
18:48:08| Dealership sold: Honda XOX, 2020
18:48:08| Factory created: Volvo RX, 1997
18:48:08| Dealership sold: Honda Tall, 2003
18:48:09| Dealership sold: Dodge A2, 2007
18:48:09| Factory created: Chevrolet M1X, 2018
18:48:09| Dealership sold: Mazda Super, 1996
18:48:09| Factory created: Ford Flat, 2005
18:48:09| Dealership sold: Buick A1, 2013
18:48:09| Factory created: Chevrolet MM, 2008
18:48:09| Dealership sold: Infiniti Titan, 2009
18:48:09| Factory created: Buick MM, 2009
18:48:09| Dealership sold: Acura Middle, 2004
18:48:09| Factory created: Chevrolet SE, 1991
18:48:09| Dealership sold: Volvo RX, 1997
18:48:09| Dealership sold: Chevrolet M1X, 2018
18:48:09| Factory created: Volvo M5, 2015
18:48:09| Dealership sold: Ford Flat, 2005
18:48:09| Factory created: Toyota A1, 2015
18:48:09| Dealership sold: Chevrolet MM, 2008
18:48:09| Factory created: Volkswagen XLE, 2003
18:48:09| Dealership sold: Buick MM, 2009
18:48:09| Factory created: Ford Flat, 2020
18:48:09| Dealership sold: Chevrolet SE, 1991
18:48:09| Factory created: Subaru SE, 2021
18:48:09| Dealership sold: Volvo M5, 2015
18:48:09| Factory created: Ford Super, 1996
18:48:09| Factory created: Acura Round, 2001
18:48:09| Dealership sold: Toyota A1, 2015
18:48:09| Dealership sold: Volkswagen XLE, 2003
18:48:09| Factory created: Subaru Town, 2023
18:48:09| Dealership sold: Ford Flat, 2020
18:48:09| Factory created: Toyota Tall, 2012
18:48:09| Factory created: Infiniti MM, 1995
18:48:09| Dealership sold: Subaru SE, 2021
18:48:09| Factory created: Smart GX, 2010
18:48:09| Factory created: Volkswagen F150, 2009
18:48:09| Dealership sold: Ford Super, 1996
18:48:09| Factory created: Volvo Tall, 1998
18:48:09| Dealership sold: Acura Round, 2001
18:48:09| Factory created: Volkswagen Charger, 2022
18:48:09| Dealership sold: Subaru Town, 2023
18:48:09| Factory created: Dodge M1, 2005
18:48:09| Factory created: Buick M1X, 1993
18:48:09| Dealership sold: Toyota Tall, 2012
18:48:09| Factory created: Hyundai F150, 2012
18:48:09| Factory created: Subaru GX, 2021
18:48:09| Factory created: Nissan XLS, 1997
18:48:09| Dealership sold: Infiniti MM, 1995
18:48:09| Factory created: Subaru Ranger, 2000
18:48:09| Dealership sold: Smart GX, 2010
18:48:09| Dealership sold: Volkswagen F150, 2009
18:48:09| Factory created: Smart XOX, 1992
18:48:09| Dealership sold: Volvo Tall, 1998
18:48:09| Dealership sold: Volkswagen Charger, 2022
18:48:09| Factory created: Mitsubishi Tall, 2022
18:48:09| Dealership sold: Dodge M1, 2005
18:48:09| Factory created: Honda Tall, 1996
18:48:09| Factory created: Honda F150, 1999
18:48:09| Dealership sold: Buick M1X, 1993
18:48:09| Factory created: Acura Town, 1993
18:48:09| Dealership sold: Hyundai F150, 2012
18:48:09| Factory created: Honda Tall, 2016
18:48:09| Dealership sold: Subaru GX, 2021
18:48:09| Factory created: Volkswagen A1, 1998
18:48:09| Dealership sold: Nissan XLS, 1997
18:48:09| Factory created: Honda Viper, 1993
18:48:09| Factory created: Fiat Titan, 2007
18:48:09| Dealership sold: Subaru Ranger, 2000
18:48:09| Factory created: Hyundai RX, 1998
18:48:09| Dealership sold: Smart XOX, 1992
18:48:09| Dealership sold: Mitsubishi Tall, 2022
18:48:09| Factory created: Infiniti MM, 1998
18:48:09| Factory created: Fiat Titan, 2008
18:48:09| Dealership sold: Honda Tall, 1996
18:48:09| Factory created: Chrysler Round, 2014
18:48:09| Dealership sold: Honda F150, 1999
18:48:09| Factory created: Ford G35, 2008
18:48:09| Dealership sold: Acura Town, 1993
18:48:09| Dealership sold: Honda Tall, 2016
18:48:09| Factory created: Mitsubishi A2, 2010
18:48:09| Dealership sold: Volkswagen A1, 1998
18:48:09| Factory created: Chrysler Tall, 2010
18:48:09| Dealership sold: Honda Viper, 1993
18:48:09| Factory created: Jeep Sport, 2007
18:48:09| Dealership sold: Fiat Titan, 2007
18:48:09| Dealership sold: Hyundai RX, 1998
18:48:09| Dealership sold: Infiniti MM, 1998
18:48:09| Factory created: Mazda Titan, 1995
18:48:09| Factory created: Volkswagen A2, 1990
18:48:09| Dealership sold: Fiat Titan, 2008
18:48:09| Dealership sold: Chrysler Round, 2014
18:48:09| Factory created: Volvo Town, 2013
18:48:09| Factory created: Ford M5, 2013
18:48:09| Dealership sold: Ford G35, 2008
18:48:09| Factory created: Toyota A2, 2005
18:48:09| Factory created: Hyundai XOX, 1995
18:48:09| Dealership sold: Mitsubishi A2, 2010
18:48:09| Factory created: Mitsubishi Super, 2020
18:48:09| Factory created: Ford XLE, 2014
18:48:09| Dealership sold: Chrysler Tall, 2010
18:48:09| Factory created: Kia Charger, 1990
18:48:09| Dealership sold: Jeep Sport, 2007
18:48:09| Factory created: Fiat G35, 2023
18:48:09| Dealership sold: Mazda Titan, 1995
18:48:09| Dealership sold: Volkswagen A2, 1990
18:48:09| Factory created: Fiat GX, 2016
18:48:09| Factory created: Mitsubishi Middle, 1995
18:48:09| Dealership sold: Volvo Town, 2013
18:48:09| Dealership sold: Ford M5, 2013
18:48:09| Factory created: Dodge Viper, 2004
18:48:09| Factory created: Smart Grand, 2016
18:48:09| Dealership sold: Toyota A2, 2005
18:48:09| Factory created: Kia M1X, 2018
18:48:09| Dealership sold: Hyundai XOX, 1995
18:48:09| Factory created: Hyundai XL, 1999
18:48:09| Dealership sold: Mitsubishi Super, 2020
18:48:09| Dealership sold: Ford XLE, 2014
18:48:09| Factory created: Volkswagen SE, 2015
18:48:09| Dealership sold: Kia Charger, 1990
18:48:09| Factory created: Mitsubishi SE, 2015
18:48:09| Factory created: Honda SXE, 2010
18:48:09| Dealership sold: Fiat G35, 2023
18:48:09| Dealership sold: Fiat GX, 2016
18:48:09| Factory created: Chrysler Flat, 2015
18:48:09| Dealership sold: Mitsubishi Middle, 1995
18:48:09| Factory created: Infiniti Ranger, 1994
18:48:09| Factory created: Mitsubishi F150, 2000
18:48:09| Dealership sold: Dodge Viper, 2004
18:48:09| Dealership sold: Smart Grand, 2016
18:48:09| Dealership sold: Kia M1X, 2018
18:48:09| Dealership sold: Hyundai XL, 1999
18:48:09| Factory created: Buick Flat, 2006
18:48:09| Dealership sold: Volkswagen SE, 2015
18:48:09| Dealership sold: Mitsubishi SE, 2015
18:48:09| Dealership sold: Honda SXE, 2010
18:48:09| Dealership sold: Chrysler Flat, 2015
18:48:09| Dealership sold: Infiniti Ranger, 1994
18:48:09| Dealership sold: Mitsubishi F150, 2000
18:48:09| Dealership sold: Buick Flat, 2006
18:48:09| All 500 have been created = 5.55082440
